WARNING 2021-01-21 11:16:58,860 base 93 Not Found: /
WARNING 2021-01-21 11:16:58,861 basehttp 124 "GET / HTTP/1.1" 404 2128
WARNING 2021-01-21 11:16:58,977 base 93 Not Found: /favicon.ico
WARNING 2021-01-21 11:16:58,977 basehttp 124 "GET /favicon.ico HTTP/1.1" 404 2179
INFO 2021-01-21 11:17:10,545 basehttp 124 "GET /admin HTTP/1.1" 301 0
INFO 2021-01-21 11:17:10,569 basehttp 124 "GET /admin/ HTTP/1.1" 302 0
INFO 2021-01-21 11:17:15,385 basehttp 124 "GET /admin/login/?next=/admin/ HTTP/1.1" 200 1857
INFO 2021-01-21 11:17:15,454 basehttp 124 "GET /static/admin/css/base.css HTTP/1.1" 200 16106
INFO 2021-01-21 11:17:15,454 basehttp 124 "GET /static/admin/css/login.css HTTP/1.1" 200 1203
INFO 2021-01-21 11:17:15,455 basehttp 124 "GET /static/admin/css/responsive.css HTTP/1.1" 200 17894
INFO 2021-01-21 11:17:15,477 basehttp 124 "GET /static/admin/css/fonts.css HTTP/1.1" 200 423
INFO 2021-01-21 11:17:15,538 basehttp 124 "GET /static/admin/fonts/Roboto-Light-webfont.woff HTTP/1.1" 200 81348
INFO 2021-01-21 11:17:15,540 basehttp 124 "GET /static/admin/fonts/Roboto-Regular-webfont.woff HTTP/1.1" 200 80304
INFO 2021-01-21 11:17:27,351 basehttp 124 "POST /admin/login/?next=/admin/ HTTP/1.1" 200 1989
INFO 2021-01-21 11:17:27,401 basehttp 124 "GET /static/admin/fonts/Roboto-Bold-webfont.woff HTTP/1.1" 200 82564
INFO 2021-01-21 11:17:47,464 basehttp 124 "POST /admin/login/?next=/admin/ HTTP/1.1" 302 0
INFO 2021-01-21 11:17:51,646 basehttp 124 "GET /admin/ HTTP/1.1" 200 4673
INFO 2021-01-21 11:17:51,706 basehttp 124 "GET /static/admin/css/dashboard.css HTTP/1.1" 200 412
INFO 2021-01-21 11:17:51,727 basehttp 124 "GET /static/admin/img/icon-addlink.svg HTTP/1.1" 200 331
INFO 2021-01-21 11:17:51,727 basehttp 124 "GET /static/admin/img/icon-changelink.svg HTTP/1.1" 200 380
INFO 2021-01-21 11:18:34,583 basehttp 124 "GET /admin/home/categorymodel/add/ HTTP/1.1" 200 5457
INFO 2021-01-21 11:18:34,656 basehttp 124 "GET /static/admin/css/forms.css HTTP/1.1" 200 8173
INFO 2021-01-21 11:18:34,677 basehttp 124 "GET /static/admin/js/jquery.init.js HTTP/1.1" 200 363
INFO 2021-01-21 11:18:34,678 basehttp 124 "GET /static/admin/js/core.js HTTP/1.1" 200 7134
INFO 2021-01-21 11:18:34,679 basehttp 124 "GET /static/admin/js/admin/RelatedObjectLookups.js HTTP/1.1" 200 6897
INFO 2021-01-21 11:18:34,681 basehttp 124 "GET /static/admin/js/actions.js HTTP/1.1" 200 6502
INFO 2021-01-21 11:18:34,688 basehttp 124 "GET /static/admin/js/vendor/jquery/jquery.js HTTP/1.1" 200 258648
INFO 2021-01-21 11:18:34,692 basehttp 124 "GET /static/admin/css/widgets.css HTTP/1.1" 200 10340
INFO 2021-01-21 11:18:34,697 basehttp 124 "GET /static/admin/js/urlify.js HTTP/1.1" 200 8729
INFO 2021-01-21 11:18:34,699 basehttp 124 "GET /static/admin/js/prepopulate.js HTTP/1.1" 200 1538
INFO 2021-01-21 11:18:34,700 basehttp 124 "GET /static/admin/js/vendor/xregexp/xregexp.js HTTP/1.1" 200 128820
INFO 2021-01-21 11:18:34,707 basehttp 124 "GET /static/admin/js/change_form.js HTTP/1.1" 200 712
INFO 2021-01-21 11:18:34,715 basehttp 124 "GET /static/admin/js/prepopulate_init.js HTTP/1.1" 200 495
INFO 2021-01-21 11:18:34,720 basehttp 124 "GET /static/admin/img/icon-deletelink.svg HTTP/1.1" 200 392
INFO 2021-01-21 11:18:38,744 basehttp 124 "GET /admin/jsi18n/ HTTP/1.1" 200 7684
INFO 2021-01-21 11:18:59,071 basehttp 124 "POST /admin/home/categorymodel/add/ HTTP/1.1" 302 0
INFO 2021-01-21 11:19:03,179 basehttp 124 "GET /admin/home/categorymodel/add/ HTTP/1.1" 200 5733
INFO 2021-01-21 11:19:07,267 basehttp 124 "GET /admin/jsi18n/ HTTP/1.1" 200 7684
INFO 2021-01-21 11:19:07,319 basehttp 124 "GET /static/admin/img/icon-yes.svg HTTP/1.1" 200 436
INFO 2021-01-21 11:19:17,658 basehttp 124 "POST /admin/home/categorymodel/add/ HTTP/1.1" 302 0
INFO 2021-01-21 11:19:21,744 basehttp 124 "GET /admin/home/categorymodel/add/ HTTP/1.1" 200 5773
INFO 2021-01-21 11:19:25,825 basehttp 124 "GET /admin/jsi18n/ HTTP/1.1" 200 7684
INFO 2021-01-21 11:19:36,856 basehttp 124 "POST /admin/home/categorymodel/add/ HTTP/1.1" 302 0
INFO 2021-01-21 11:19:41,004 basehttp 124 "GET /admin/home/categorymodel/add/ HTTP/1.1" 200 5819
INFO 2021-01-21 11:19:45,100 basehttp 124 "GET /admin/jsi18n/ HTTP/1.1" 200 7684
INFO 2021-01-21 11:19:52,520 basehttp 124 "POST /admin/home/categorymodel/add/ HTTP/1.1" 200 5723
INFO 2021-01-21 11:19:56,618 basehttp 124 "GET /admin/jsi18n/ HTTP/1.1" 200 7684
INFO 2021-01-21 11:20:14,083 basehttp 124 "POST /admin/home/categorymodel/add/ HTTP/1.1" 302 0
INFO 2021-01-21 11:20:18,337 basehttp 124 "GET /admin/home/categorymodel/ HTTP/1.1" 200 5320
INFO 2021-01-21 11:20:18,391 basehttp 124 "GET /static/admin/css/changelists.css HTTP/1.1" 200 6170
INFO 2021-01-21 11:20:22,432 basehttp 124 "GET /admin/jsi18n/ HTTP/1.1" 200 7684
INFO 2021-01-21 11:20:22,494 basehttp 124 "GET /static/admin/img/tooltag-add.svg HTTP/1.1" 200 331
INFO 2021-01-21 11:21:03,146 basehttp 124 "GET /admin/home/ HTTP/1.1" 200 2845
INFO 2021-01-21 11:21:09,257 basehttp 124 "GET /admin/home/articlemodel/add/ HTTP/1.1" 200 9087
INFO 2021-01-21 11:21:13,330 basehttp 124 "GET /admin/jsi18n/ HTTP/1.1" 200 7684
INFO 2021-01-21 11:21:58,505 basehttp 124 "POST /admin/home/articlemodel/add/ HTTP/1.1" 200 9282
INFO 2021-01-21 11:21:58,548 basehttp 124 "GET /static/admin/css/base.css HTTP/1.1" 304 0
INFO 2021-01-21 11:21:58,549 basehttp 124 "GET /static/admin/css/responsive.css HTTP/1.1" 304 0
INFO 2021-01-21 11:21:58,565 basehttp 124 "GET /static/admin/css/fonts.css HTTP/1.1" 304 0
INFO 2021-01-21 11:22:02,580 basehttp 124 "GET /admin/jsi18n/ HTTP/1.1" 200 7684
INFO 2021-01-21 11:22:02,600 basehttp 124 "GET /static/admin/fonts/Roboto-Regular-webfont.woff HTTP/1.1" 304 0
INFO 2021-01-21 11:22:02,603 basehttp 124 "GET /static/admin/fonts/Roboto-Light-webfont.woff HTTP/1.1" 304 0
INFO 2021-01-21 11:22:02,604 basehttp 124 "GET /static/admin/fonts/Roboto-Bold-webfont.woff HTTP/1.1" 304 0
INFO 2021-01-21 11:22:14,666 basehttp 124 "GET /admin/ HTTP/1.1" 200 5910
INFO 2021-01-21 11:22:14,707 basehttp 124 "GET /static/admin/css/dashboard.css HTTP/1.1" 304 0
INFO 2021-01-21 11:22:14,734 basehttp 124 "GET /static/admin/img/icon-changelink.svg HTTP/1.1" 304 0
INFO 2021-01-21 11:22:14,734 basehttp 124 "GET /static/admin/img/icon-addlink.svg HTTP/1.1" 304 0
INFO 2021-01-21 11:22:21,110 basehttp 124 "GET /admin/users/user/add/ HTTP/1.1" 200 4559
INFO 2021-01-21 11:22:25,199 basehttp 124 "GET /admin/jsi18n/ HTTP/1.1" 200 7684
INFO 2021-01-21 11:22:42,645 basehttp 124 "POST /admin/users/user/add/ HTTP/1.1" 302 0
INFO 2021-01-21 11:22:46,763 basehttp 124 "GET /admin/users/user/ HTTP/1.1" 200 4592
INFO 2021-01-21 11:22:50,846 basehttp 124 "GET /admin/jsi18n/ HTTP/1.1" 200 7684
INFO 2021-01-21 11:22:58,142 basehttp 124 "GET /admin/ HTTP/1.1" 200 6200
INFO 2021-01-21 11:23:04,751 basehttp 124 "GET /admin/home/articlemodel/ HTTP/1.1" 200 3285
INFO 2021-01-21 11:23:04,809 basehttp 124 "GET /static/admin/js/vendor/jquery/jquery.js HTTP/1.1" 304 0
INFO 2021-01-21 11:23:04,815 basehttp 124 "GET /static/admin/js/jquery.init.js HTTP/1.1" 304 0
INFO 2021-01-21 11:23:04,816 basehttp 124 "GET /static/admin/js/core.js HTTP/1.1" 304 0
INFO 2021-01-21 11:23:04,818 basehttp 124 "GET /static/admin/js/admin/RelatedObjectLookups.js HTTP/1.1" 304 0
INFO 2021-01-21 11:23:04,820 basehttp 124 "GET /static/admin/js/actions.js HTTP/1.1" 304 0
INFO 2021-01-21 11:23:04,823 basehttp 124 "GET /static/admin/js/prepopulate.js HTTP/1.1" 304 0
INFO 2021-01-21 11:23:04,827 basehttp 124 "GET /static/admin/js/vendor/xregexp/xregexp.js HTTP/1.1" 304 0
INFO 2021-01-21 11:23:04,830 basehttp 124 "GET /static/admin/js/urlify.js HTTP/1.1" 304 0
INFO 2021-01-21 11:23:08,842 basehttp 124 "GET /admin/jsi18n/ HTTP/1.1" 200 7684
INFO 2021-01-21 11:23:17,342 basehttp 124 "GET /admin/home/articlemodel/add/ HTTP/1.1" 200 9126
INFO 2021-01-21 11:23:17,380 basehttp 124 "GET /static/admin/css/forms.css HTTP/1.1" 304 0
INFO 2021-01-21 11:23:17,395 basehttp 124 "GET /static/admin/css/widgets.css HTTP/1.1" 304 0
INFO 2021-01-21 11:23:17,396 basehttp 124 "GET /static/admin/js/change_form.js HTTP/1.1" 304 0
INFO 2021-01-21 11:23:17,402 basehttp 124 "GET /static/admin/js/prepopulate_init.js HTTP/1.1" 304 0
INFO 2021-01-21 11:23:17,412 basehttp 124 "GET /static/admin/img/icon-deletelink.svg HTTP/1.1" 304 0
INFO 2021-01-21 11:23:21,413 basehttp 124 "GET /admin/jsi18n/ HTTP/1.1" 200 7684
INFO 2021-01-21 11:23:56,539 basehttp 124 "POST /admin/home/articlemodel/add/ HTTP/1.1" 302 0
INFO 2021-01-21 11:24:00,683 basehttp 124 "GET /admin/home/articlemodel/ HTTP/1.1" 200 4644
INFO 2021-01-21 11:24:04,792 basehttp 124 "GET /admin/jsi18n/ HTTP/1.1" 200 7684
INFO 2021-01-21 11:24:04,854 basehttp 124 "GET /static/admin/img/icon-yes.svg HTTP/1.1" 304 0
INFO 2021-01-21 11:24:22,689 basehttp 124 "GET /home HTTP/1.1" 301 0
INFO 2021-01-21 11:24:26,749 basehttp 124 "GET /home/ HTTP/1.1" 200 2726
INFO 2021-01-21 11:24:26,793 basehttp 124 "GET /static/css/public.css HTTP/1.1" 200 3745
INFO 2021-01-21 11:24:26,797 basehttp 124 "GET /static/css/index.css HTTP/1.1" 200 2013
INFO 2021-01-21 11:24:26,830 basehttp 124 "GET /static/image/style_icon.png HTTP/1.1" 200 3852
INFO 2021-01-21 11:24:26,834 basehttp 124 "GET /static/image/new.gif HTTP/1.1" 200 207
INFO 2021-01-21 11:24:35,926 basehttp 124 "GET /home/list/?cat_id=4 HTTP/1.1" 200 3799
INFO 2021-01-21 11:24:35,978 basehttp 124 "GET /static/css/list.css HTTP/1.1" 200 2686
INFO 2021-01-21 11:24:35,978 basehttp 124 "GET /static/css/jquery.pagination.css HTTP/1.1" 200 543
INFO 2021-01-21 11:24:35,979 basehttp 124 "GET /static/js/jquery.pagination.min.js HTTP/1.1" 200 2935
INFO 2021-01-21 11:24:35,980 basehttp 124 "GET /static/js/jquery-1.12.4.min.js HTTP/1.1" 200 97163
INFO 2021-01-21 11:24:35,994 basehttp 124 "GET /static/image/2374101_small.jpg/ HTTP/1.1" 200 2050
INFO 2021-01-21 11:24:36,013 basehttp 124 "GET /static/image/main_bg.png HTTP/1.1" 200 533
INFO 2021-01-21 11:24:36,014 basehttp 124 "GET /static/image/bg.png HTTP/1.1" 200 7656
INFO 2021-01-21 11:24:40,677 basehttp 124 "GET /user/login/ HTTP/1.1" 200 1644
INFO 2021-01-21 11:24:40,703 basehttp 124 "GET /static/css/login.css HTTP/1.1" 200 1483
INFO 2021-01-21 11:24:40,724 basehttp 124 "GET /static/image/core_bg.png HTTP/1.1" 200 8357
INFO 2021-01-21 11:24:46,447 basehttp 124 "POST /user/login/ HTTP/1.1" 200 1644
INFO 2021-01-21 11:24:52,860 basehttp 124 "GET /user/register/ HTTP/1.1" 200 2307
INFO 2021-01-21 11:24:52,890 basehttp 124 "GET /static/css/register.css HTTP/1.1" 200 1507
INFO 2021-01-21 11:24:52,895 basehttp 124 "GET /static/image/show_code.jpg HTTP/1.1" 200 2133
INFO 2021-01-21 11:24:59,892 basehttp 124 "POST /user/register/ HTTP/1.1" 200 2307
INFO 2021-01-21 11:25:21,205 basehttp 124 "POST /user/register/ HTTP/1.1" 302 0
INFO 2021-01-21 11:25:25,284 basehttp 124 "GET /home/ HTTP/1.1" 200 2712
WARNING 2021-01-21 11:48:55,353 base 93 Not Found: /
WARNING 2021-01-21 11:48:55,355 basehttp 124 "GET / HTTP/1.1" 404 2128
INFO 2021-01-21 11:49:08,752 basehttp 124 "GET /home/ HTTP/1.1" 200 2712
INFO 2021-01-21 11:49:16,213 basehttp 124 "GET /user/logout/ HTTP/1.1" 302 0
INFO 2021-01-21 11:49:20,299 basehttp 124 "GET /home/ HTTP/1.1" 200 2726
INFO 2021-01-21 11:49:25,071 basehttp 124 "GET /user/login/ HTTP/1.1" 200 1644
INFO 2021-01-21 11:49:31,068 basehttp 124 "POST /user/login/ HTTP/1.1" 302 0
INFO 2021-01-21 11:49:35,144 basehttp 124 "GET /home/ HTTP/1.1" 200 2712
INFO 2021-01-21 11:49:52,458 basehttp 124 "GET /home/list/?cat_id=2 HTTP/1.1" 200 3169
ERROR 2021-01-21 11:49:52,604 basehttp 124 "GET /home/list/?cat_id=2 HTTP/1.1" 500 59
INFO 2021-01-21 11:49:52,661 basehttp 124 "GET /home/list/?cat_id=2 HTTP/1.1" 200 3169
ERROR 2021-01-21 11:49:52,663 basehttp 124 "GET /home/list/?cat_id=2 HTTP/1.1" 500 59
INFO 2021-01-21 11:49:54,429 basehttp 124 "GET /home/list/?cat_id=4 HTTP/1.1" 200 3779
ERROR 2021-01-21 11:49:54,431 basehttp 124 "GET /home/list/?cat_id=4 HTTP/1.1" 500 59
INFO 2021-01-21 11:49:54,624 basehttp 124 "GET /home/list/?cat_id=4 HTTP/1.1" 200 3779
ERROR 2021-01-21 11:49:54,626 basehttp 124 "GET /home/list/?cat_id=4 HTTP/1.1" 500 59
INFO 2021-01-21 11:49:54,849 basehttp 124 "GET /home/list/?cat_id=4 HTTP/1.1" 200 3779
WARNING 2021-01-21 11:49:59,191 base 93 Not Found: /home/list/index.html
WARNING 2021-01-21 11:49:59,192 basehttp 124 "GET /home/list/index.html HTTP/1.1" 404 2771
INFO 2021-01-21 11:50:10,501 basehttp 124 "GET /home/list/?cat_id=1 HTTP/1.1" 200 3169
WARNING 2021-01-21 11:50:14,144 base 93 Not Found: /home/list/publish.html
WARNING 2021-01-21 11:50:14,144 basehttp 124 "GET /home/list/publish.html HTTP/1.1" 404 2777
WARNING 2021-01-21 11:50:16,382 base 93 Not Found: /home/list/publish.html
WARNING 2021-01-21 11:50:16,383 basehttp 124 "GET /home/list/publish.html HTTP/1.1" 404 2777
INFO 2021-01-21 11:51:07,782 basehttp 124 "GET /home/list/?cat_id=4 HTTP/1.1" 200 3779
WARNING 2021-01-21 11:51:26,047 base 93 Not Found: /home/list/publish.html
WARNING 2021-01-21 11:51:26,047 basehttp 124 "GET /home/list/publish.html HTTP/1.1" 404 2777
WARNING 2021-01-21 11:51:42,647 base 93 Not Found: /home/list/index.html
WARNING 2021-01-21 11:51:42,648 basehttp 124 "GET /home/list/index.html HTTP/1.1" 404 2771
INFO 2021-01-21 11:51:51,437 basehttp 124 "GET /home/list/?cat_id=4 HTTP/1.1" 200 3779
WARNING 2021-01-21 11:54:05,848 base 93 Not Found: /home/list/publish.html
WARNING 2021-01-21 11:54:05,849 basehttp 124 "GET /home/list/publish.html HTTP/1.1" 404 2777
INFO 2021-01-21 11:57:10,574 basehttp 124 "GET /user/login/ HTTP/1.1" 200 1644
INFO 2021-01-21 11:57:10,886 basehttp 124 "GET /user/login/ HTTP/1.1" 200 1644
INFO 2021-01-21 11:57:13,471 basehttp 124 "GET /user/register/ HTTP/1.1" 200 2307
WARNING 2021-01-21 11:57:15,613 base 93 Not Found: /home/list/publish.html
WARNING 2021-01-21 11:57:15,613 basehttp 124 "GET /home/list/publish.html HTTP/1.1" 404 2777
WARNING 2021-01-21 11:57:41,175 base 93 Not Found: /home/list/index.html
WARNING 2021-01-21 11:57:41,175 basehttp 124 "GET /home/list/index.html HTTP/1.1" 404 2771
WARNING 2021-01-21 11:58:02,903 base 93 Not Found: /home/list/index.html
WARNING 2021-01-21 11:58:02,904 basehttp 124 "GET /home/list/index.html HTTP/1.1" 404 2771
WARNING 2021-01-21 11:59:38,446 base 93 Not Found: /404
WARNING 2021-01-21 11:59:38,447 basehttp 124 "GET /404 HTTP/1.1" 404 2155
INFO 2021-01-21 12:04:52,950 basehttp 124 "GET /home/list/?cat_id=4 HTTP/1.1" 200 3777
WARNING 2021-01-21 12:04:55,292 base 94 Method Not Allowed (GET): /home/publish/
WARNING 2021-01-21 12:04:55,292 basehttp 124 "GET /home/publish/ HTTP/1.1" 405 0
WARNING 2021-01-21 12:04:56,779 base 94 Method Not Allowed (GET): /home/publish/
WARNING 2021-01-21 12:04:56,781 basehttp 124 "GET /home/publish/ HTTP/1.1" 405 0
WARNING 2021-01-21 12:05:16,426 base 93 Not Found: /
WARNING 2021-01-21 12:05:16,427 basehttp 124 "GET / HTTP/1.1" 404 2128
WARNING 2021-01-21 12:05:16,564 base 93 Not Found: /favicon.ico
WARNING 2021-01-21 12:05:16,565 basehttp 124 "GET /favicon.ico HTTP/1.1" 404 2179
INFO 2021-01-21 12:05:26,386 basehttp 124 "GET /home/ HTTP/1.1" 200 2712
INFO 2021-01-21 12:05:38,727 basehttp 124 "GET /home/list/?cat_id=1 HTTP/1.1" 200 3167
WARNING 2021-01-21 12:05:41,467 base 94 Method Not Allowed (GET): /home/publish/
WARNING 2021-01-21 12:05:41,467 basehttp 124 "GET /home/publish/ HTTP/1.1" 405 0
INFO 2021-01-21 12:05:51,354 basehttp 124 "GET /home/list/?cat_id=4 HTTP/1.1" 200 3777
WARNING 2021-01-21 12:05:52,540 base 94 Method Not Allowed (GET): /home/publish/
WARNING 2021-01-21 12:05:52,542 basehttp 124 "GET /home/publish/ HTTP/1.1" 405 0
WARNING 2021-01-21 12:05:54,549 base 94 Method Not Allowed (GET): /home/publish/
WARNING 2021-01-21 12:05:54,550 basehttp 124 "GET /home/publish/ HTTP/1.1" 405 0
INFO 2021-01-21 12:07:23,658 basehttp 124 "GET /home/ HTTP/1.1" 200 2712
INFO 2021-01-21 12:07:30,189 basehttp 124 "GET /home/list/?cat_id=4 HTTP/1.1" 200 3777
INFO 2021-01-21 12:07:38,046 basehttp 124 "GET /home/list/ HTTP/1.1" 200 2048
INFO 2021-01-21 12:07:38,078 basehttp 124 "GET /static/css/show.css HTTP/1.1" 200 2606
INFO 2021-01-21 12:07:38,079 basehttp 124 "GET /static/image/missing.png HTTP/1.1" 200 53248
INFO 2021-01-21 12:08:12,132 basehttp 124 "GET /home/ HTTP/1.1" 200 2712
INFO 2021-01-21 12:08:19,556 basehttp 124 "GET /home/list/?cat_id=4 HTTP/1.1" 200 3777
WARNING 2021-01-21 12:08:21,436 base 94 Method Not Allowed (GET): /home/publish/
WARNING 2021-01-21 12:08:21,437 basehttp 124 "GET /home/publish/ HTTP/1.1" 405 0
WARNING 2021-01-21 12:08:30,228 base 94 Method Not Allowed (GET): /home/publish/
WARNING 2021-01-21 12:08:30,229 basehttp 124 "GET /home/publish/ HTTP/1.1" 405 0
INFO 2021-01-21 12:13:08,412 basehttp 124 "GET /home/publish/ HTTP/1.1" 200 2048
ERROR 2021-01-21 12:13:08,415 basehttp 124 "GET /home/publish/ HTTP/1.1" 500 59
INFO 2021-01-21 12:13:09,879 basehttp 124 "GET /home/publish/ HTTP/1.1" 200 2048
WARNING 2021-01-21 12:13:39,612 base 93 Not Found: /publish
WARNING 2021-01-21 12:13:39,613 basehttp 124 "GET /publish HTTP/1.1" 404 2167
WARNING 2021-01-21 12:13:44,062 base 93 Not Found: /list
WARNING 2021-01-21 12:13:44,062 basehttp 124 "GET /list HTTP/1.1" 404 2158
INFO 2021-01-21 12:13:52,381 basehttp 124 "GET /home/ HTTP/1.1" 200 2712
INFO 2021-01-21 12:14:01,000 basehttp 124 "GET /home/list/?cat_id=4 HTTP/1.1" 200 3777
INFO 2021-01-21 12:14:51,393 basehttp 124 "GET /home/publish/ HTTP/1.1" 200 2048
WARNING 2021-01-21 12:25:58,731 base 93 Not Found: /
WARNING 2021-01-21 12:25:58,731 basehttp 124 "GET / HTTP/1.1" 404 2128
WARNING 2021-01-21 12:25:58,892 base 93 Not Found: /favicon.ico
WARNING 2021-01-21 12:25:58,893 basehttp 124 "GET /favicon.ico HTTP/1.1" 404 2179
INFO 2021-01-21 12:26:07,116 basehttp 124 "GET /home/publish/ HTTP/1.1" 200 1996
WARNING 2021-01-21 12:26:07,158 base 93 Not Found: /home/static/css/public.css
WARNING 2021-01-21 12:26:07,162 basehttp 124 "GET /home/static/css/public.css HTTP/1.1" 404 2789
WARNING 2021-01-21 12:26:07,165 base 93 Not Found: /home/static/css/publish.css
WARNING 2021-01-21 12:26:07,166 basehttp 124 "GET /home/static/css/publish.css HTTP/1.1" 404 2792
INFO 2021-01-21 12:28:14,740 basehttp 124 "GET /home/publish/ HTTP/1.1" 200 1998
INFO 2021-01-21 12:28:14,767 basehttp 124 "GET /static/css/publish.css HTTP/1.1" 200 1547
INFO 2021-01-21 12:28:32,369 basehttp 124 "GET /user/login/ HTTP/1.1" 200 1640
INFO 2021-01-21 12:28:33,975 basehttp 124 "GET /user/register/ HTTP/1.1" 200 2303
INFO 2021-01-21 12:28:41,416 basehttp 124 "GET /home/ HTTP/1.1" 200 2712
INFO 2021-01-21 12:29:25,027 basehttp 124 "GET /home/ HTTP/1.1" 200 2712
INFO 2021-01-21 12:29:32,597 basehttp 124 "GET /home/list/?cat_id=4 HTTP/1.1" 200 3777
INFO 2021-01-21 12:29:37,482 basehttp 124 "GET /home/publish/ HTTP/1.1" 200 2048
INFO 2021-01-21 12:29:45,824 basehttp 124 "GET /home/publish/ HTTP/1.1" 200 2048
INFO 2021-01-21 12:30:01,504 basehttp 124 "GET /home/publish/ HTTP/1.1" 200 2048
INFO 2021-01-21 12:30:14,796 basehttp 124 "GET /home/publish/ HTTP/1.1" 200 2048
INFO 2021-01-21 12:30:46,606 basehttp 124 "GET /home/publish/ HTTP/1.1" 200 1998
INFO 2021-01-21 12:30:46,616 basehttp 124 "GET /home/publish/ HTTP/1.1" 200 1998
INFO 2021-01-21 12:30:49,647 basehttp 124 "GET /home/publish/ HTTP/1.1" 200 1998
WARNING 2021-01-21 12:31:58,696 base 93 Not Found: /
WARNING 2021-01-21 12:31:58,697 basehttp 124 "GET / HTTP/1.1" 404 2128
WARNING 2021-01-21 12:31:58,821 base 93 Not Found: /favicon.ico
WARNING 2021-01-21 12:31:58,822 basehttp 124 "GET /favicon.ico HTTP/1.1" 404 2179
INFO 2021-01-21 12:32:07,247 basehttp 124 "GET /home/ HTTP/1.1" 200 2712
INFO 2021-01-21 12:32:12,832 basehttp 124 "GET /home/list/?cat_id=4 HTTP/1.1" 200 3777
INFO 2021-01-21 12:32:15,954 basehttp 124 "GET /home/publish/ HTTP/1.1" 200 2252
INFO 2021-01-21 12:32:21,673 basehttp 124 "GET /home/publish/ HTTP/1.1" 200 2252
WARNING 2021-02-06 06:33:52,237 base 93 Not Found: /
WARNING 2021-02-06 06:33:52,423 base 93 Not Found: /favicon.ico
WARNING 2021-02-06 06:36:13,083 base 93 Not Found: /list
WARNING 2021-02-06 06:36:17,745 base 93 Not Found: /list
WARNING 2021-02-06 06:36:35,528 base 93 Not Found: /
WARNING 2021-02-06 06:36:35,529 basehttp 124 "GET / HTTP/1.1" 404 2128
WARNING 2021-02-06 06:36:35,536 base 93 Not Found: /
WARNING 2021-02-06 06:36:35,537 basehttp 124 "GET / HTTP/1.1" 404 2128
WARNING 2021-02-06 06:36:35,863 base 93 Not Found: /favicon.ico
WARNING 2021-02-06 06:36:35,864 basehttp 124 "GET /favicon.ico HTTP/1.1" 404 2179
WARNING 2021-02-06 06:36:44,406 base 93 Not Found: /detail
WARNING 2021-02-06 06:36:44,407 basehttp 124 "GET /detail HTTP/1.1" 404 2164
INFO 2021-02-06 06:36:51,929 basehttp 124 "GET /home HTTP/1.1" 301 0
INFO 2021-02-06 06:36:58,058 basehttp 124 "GET /home/ HTTP/1.1" 200 2726
INFO 2021-02-06 06:36:58,151 basehttp 124 "GET /static/css/index.css HTTP/1.1" 200 2013
INFO 2021-02-06 06:36:58,151 basehttp 124 "GET /static/css/public.css HTTP/1.1" 200 3745
INFO 2021-02-06 06:36:58,222 basehttp 124 "GET /static/image/new.gif HTTP/1.1" 200 207
INFO 2021-02-06 06:36:58,227 basehttp 124 "GET /static/image/style_icon.png HTTP/1.1" 200 3852
INFO 2021-02-06 06:40:09,047 basehttp 124 "GET / HTTP/1.1" 200 2696
WARNING 2021-02-06 06:41:01,661 base 93 Not Found: /home/
WARNING 2021-02-06 06:44:04,345 base 93 Not Found: /sdk/vimServiceVersions.xml
WARNING 2021-02-06 06:44:04,350 base 93 Not Found: /sdk/vimService
WARNING 2021-02-06 06:44:04,371 base 93 Not Found: /sdk
INFO 2021-02-06 07:13:27,241 basehttp 124 "GET / HTTP/1.1" 200 2696
WARNING 2021-02-06 07:13:27,795 base 93 Not Found: /favicon.ico
WARNING 2021-02-06 07:13:27,796 basehttp 124 "GET /favicon.ico HTTP/1.1" 404 3128
INFO 2021-02-06 07:13:29,296 basehttp 124 "GET / HTTP/1.1" 200 2696
WARNING 2021-02-06 07:13:39,735 base 93 Not Found: /favicon.ico
INFO 2021-02-06 08:06:53,900 basehttp 124 "GET / HTTP/1.1" 200 2696
INFO 2021-02-06 08:06:54,035 basehttp 124 "GET /static/css/index.css HTTP/1.1" 200 2013
INFO 2021-02-06 08:06:54,035 basehttp 124 "GET /static/css/public.css HTTP/1.1" 200 3745
INFO 2021-02-06 08:06:54,184 basehttp 124 "GET /static/image/style_icon.png HTTP/1.1" 200 3852
INFO 2021-02-06 08:06:54,212 basehttp 124 "GET /static/image/new.gif HTTP/1.1" 200 207
INFO 2021-02-06 08:06:57,011 basehttp 124 "GET /register/ HTTP/1.1" 200 2288
INFO 2021-02-06 08:06:57,079 basehttp 124 "GET /static/css/register.css HTTP/1.1" 200 1507
INFO 2021-02-06 08:06:57,080 basehttp 124 "GET /static/image/show_code.jpg HTTP/1.1" 200 2133
INFO 2021-02-06 08:06:57,150 basehttp 124 "GET /static/image/core_bg.png HTTP/1.1" 200 8357
INFO 2021-02-06 08:07:01,428 basehttp 124 "GET / HTTP/1.1" 200 2696
ERROR 2021-02-06 08:07:01,493 basehttp 124 "GET / HTTP/1.1" 500 59
INFO 2021-02-06 08:07:02,469 basehttp 124 "GET /login/ HTTP/1.1" 200 1625
INFO 2021-02-06 08:07:02,496 basehttp 124 "GET /static/css/login.css HTTP/1.1" 200 1483
INFO 2021-02-06 08:07:02,743 basehttp 124 "GET / HTTP/1.1" 200 2696
ERROR 2021-02-06 08:07:02,744 basehttp 124 "GET / HTTP/1.1" 500 59
INFO 2021-02-06 08:07:03,436 basehttp 124 "GET /register/ HTTP/1.1" 200 2288
INFO 2021-02-06 09:21:27,226 basehttp 124 "GET / HTTP/1.1" 200 2696
WARNING 2021-02-06 09:21:27,415 base 93 Not Found: /favicon.ico
WARNING 2021-02-06 09:21:27,416 basehttp 124 "GET /favicon.ico HTTP/1.1" 404 3128
INFO 2021-02-06 09:22:10,332 basehttp 124 "GET /admin/ HTTP/1.1" 302 0
INFO 2021-02-06 09:22:10,499 basehttp 124 "GET /admin/login/?next=/admin/ HTTP/1.1" 200 1857
INFO 2021-02-06 09:22:20,657 basehttp 124 "POST /admin/login/?next=/admin/ HTTP/1.1" 302 0
INFO 2021-02-06 09:22:24,847 basehttp 124 "GET /admin/ HTTP/1.1" 200 6510
INFO 2021-02-06 09:22:24,960 basehttp 124 "GET /static/admin/css/dashboard.css HTTP/1.1" 200 412
INFO 2021-02-06 09:22:24,980 basehttp 124 "GET /static/admin/img/icon-addlink.svg HTTP/1.1" 200 331
INFO 2021-02-06 09:22:24,991 basehttp 124 "GET /static/admin/img/icon-changelink.svg HTTP/1.1" 200 380
WARNING 2021-02-06 17:38:09,644 base 93 Not Found: /sdk/vimServiceVersions.xml
WARNING 2021-02-06 17:38:09,674 base 93 Not Found: /sdk/vimService
WARNING 2021-02-06 17:38:09,681 base 93 Not Found: /sdk
WARNING 2021-02-06 17:38:46,616 base 93 Not Found: /favicon.ico
ERROR 2021-02-07 23:47:13,912 exception 118 Internal Server Error: /
Traceback (most recent call last):
  File "f:\dev\python\python36\lib\site-packages\pymysql\connections.py", line 614, in connect
    (self.host, self.port), self.connect_timeout, **kwargs
  File "f:\dev\python\python36\lib\socket.py", line 724, in create_connection
    raise err
  File "f:\dev\python\python36\lib\socket.py", line 713, in create_connection
    sock.connect(sa)
ConnectionRefusedError: [WinError 10061] 由于目标计算机积极拒绝，无法连接。

During handling of the above exception, another exception occurred:

Traceback (most recent call last):
  File "f:\dev\python\python36\lib\site-packages\django\db\backends\base\base.py", line 216, in ensure_connection
    self.connect()
  File "f:\dev\python\python36\lib\site-packages\django\db\backends\base\base.py", line 194, in connect
    self.connection = self.get_new_connection(conn_params)
  File "f:\dev\python\python36\lib\site-packages\django\db\backends\mysql\base.py", line 234, in get_new_connection
    return Database.connect(**conn_params)
  File "f:\dev\python\python36\lib\site-packages\pymysql\connections.py", line 353, in __init__
    self.connect()
  File "f:\dev\python\python36\lib\site-packages\pymysql\connections.py", line 664, in connect
    raise exc
pymysql.err.OperationalError: (2003, "Can't connect to MySQL server on 'localhost' ([WinError 10061] 由于目标计算机积极拒绝，无法连接。)")

The above exception was the direct cause of the following exception:

Traceback (most recent call last):
  File "f:\dev\python\python36\lib\site-packages\django\core\handlers\exception.py", line 35, in inner
    response = get_response(request)
  File "f:\dev\python\python36\lib\site-packages\django\core\handlers\base.py", line 128, in _get_response
    response = self.process_exception_by_middleware(e, request)
  File "f:\dev\python\python36\lib\site-packages\django\core\handlers\base.py", line 126, in _get_response
    response = wrapped_callback(request, *callback_args, **callback_kwargs)
  File "f:\dev\python\python36\lib\site-packages\django\views\generic\base.py", line 69, in view
    return self.dispatch(request, *args, **kwargs)
  File "f:\dev\python\python36\lib\site-packages\django\views\generic\base.py", line 89, in dispatch
    return handler(request, *args, **kwargs)
  File "E:\Python_Code\bbs\bbs\home\views.py", line 33, in get
    for category in categories:
  File "f:\dev\python\python36\lib\site-packages\django\db\models\query.py", line 272, in __iter__
    self._fetch_all()
  File "f:\dev\python\python36\lib\site-packages\django\db\models\query.py", line 1179, in _fetch_all
    self._result_cache = list(self._iterable_class(self))
  File "f:\dev\python\python36\lib\site-packages\django\db\models\query.py", line 53, in __iter__
    results = compiler.execute_sql(chunked_fetch=self.chunked_fetch, chunk_size=self.chunk_size)
  File "f:\dev\python\python36\lib\site-packages\django\db\models\sql\compiler.py", line 1066, in execute_sql
    cursor = self.connection.cursor()
  File "f:\dev\python\python36\lib\site-packages\django\db\backends\base\base.py", line 255, in cursor
    return self._cursor()
  File "f:\dev\python\python36\lib\site-packages\django\db\backends\base\base.py", line 232, in _cursor
    self.ensure_connection()
  File "f:\dev\python\python36\lib\site-packages\django\db\backends\base\base.py", line 216, in ensure_connection
    self.connect()
  File "f:\dev\python\python36\lib\site-packages\django\db\utils.py", line 89, in __exit__
    raise dj_exc_value.with_traceback(traceback) from exc_value
  File "f:\dev\python\python36\lib\site-packages\django\db\backends\base\base.py", line 216, in ensure_connection
    self.connect()
  File "f:\dev\python\python36\lib\site-packages\django\db\backends\base\base.py", line 194, in connect
    self.connection = self.get_new_connection(conn_params)
  File "f:\dev\python\python36\lib\site-packages\django\db\backends\mysql\base.py", line 234, in get_new_connection
    return Database.connect(**conn_params)
  File "f:\dev\python\python36\lib\site-packages\pymysql\connections.py", line 353, in __init__
    self.connect()
  File "f:\dev\python\python36\lib\site-packages\pymysql\connections.py", line 664, in connect
    raise exc
django.db.utils.OperationalError: (2003, "Can't connect to MySQL server on 'localhost' ([WinError 10061] 由于目标计算机积极拒绝，无法连接。)")
ERROR 2021-02-07 23:47:13,924 exception 118 Internal Server Error: /
Traceback (most recent call last):
  File "f:\dev\python\python36\lib\site-packages\pymysql\connections.py", line 614, in connect
    (self.host, self.port), self.connect_timeout, **kwargs
  File "f:\dev\python\python36\lib\socket.py", line 724, in create_connection
    raise err
  File "f:\dev\python\python36\lib\socket.py", line 713, in create_connection
    sock.connect(sa)
ConnectionRefusedError: [WinError 10061] 由于目标计算机积极拒绝，无法连接。

During handling of the above exception, another exception occurred:

Traceback (most recent call last):
  File "f:\dev\python\python36\lib\site-packages\django\db\backends\base\base.py", line 216, in ensure_connection
    self.connect()
  File "f:\dev\python\python36\lib\site-packages\django\db\backends\base\base.py", line 194, in connect
    self.connection = self.get_new_connection(conn_params)
  File "f:\dev\python\python36\lib\site-packages\django\db\backends\mysql\base.py", line 234, in get_new_connection
    return Database.connect(**conn_params)
  File "f:\dev\python\python36\lib\site-packages\pymysql\connections.py", line 353, in __init__
    self.connect()
  File "f:\dev\python\python36\lib\site-packages\pymysql\connections.py", line 664, in connect
    raise exc
pymysql.err.OperationalError: (2003, "Can't connect to MySQL server on 'localhost' ([WinError 10061] 由于目标计算机积极拒绝，无法连接。)")

The above exception was the direct cause of the following exception:

Traceback (most recent call last):
  File "f:\dev\python\python36\lib\site-packages\django\core\handlers\exception.py", line 35, in inner
    response = get_response(request)
  File "f:\dev\python\python36\lib\site-packages\django\core\handlers\base.py", line 128, in _get_response
    response = self.process_exception_by_middleware(e, request)
  File "f:\dev\python\python36\lib\site-packages\django\core\handlers\base.py", line 126, in _get_response
    response = wrapped_callback(request, *callback_args, **callback_kwargs)
  File "f:\dev\python\python36\lib\site-packages\django\views\generic\base.py", line 69, in view
    return self.dispatch(request, *args, **kwargs)
  File "f:\dev\python\python36\lib\site-packages\django\views\generic\base.py", line 89, in dispatch
    return handler(request, *args, **kwargs)
  File "E:\Python_Code\bbs\bbs\home\views.py", line 33, in get
    for category in categories:
  File "f:\dev\python\python36\lib\site-packages\django\db\models\query.py", line 272, in __iter__
    self._fetch_all()
  File "f:\dev\python\python36\lib\site-packages\django\db\models\query.py", line 1179, in _fetch_all
    self._result_cache = list(self._iterable_class(self))
  File "f:\dev\python\python36\lib\site-packages\django\db\models\query.py", line 53, in __iter__
    results = compiler.execute_sql(chunked_fetch=self.chunked_fetch, chunk_size=self.chunk_size)
  File "f:\dev\python\python36\lib\site-packages\django\db\models\sql\compiler.py", line 1066, in execute_sql
    cursor = self.connection.cursor()
  File "f:\dev\python\python36\lib\site-packages\django\db\backends\base\base.py", line 255, in cursor
    return self._cursor()
  File "f:\dev\python\python36\lib\site-packages\django\db\backends\base\base.py", line 232, in _cursor
    self.ensure_connection()
  File "f:\dev\python\python36\lib\site-packages\django\db\backends\base\base.py", line 216, in ensure_connection
    self.connect()
  File "f:\dev\python\python36\lib\site-packages\django\db\utils.py", line 89, in __exit__
    raise dj_exc_value.with_traceback(traceback) from exc_value
  File "f:\dev\python\python36\lib\site-packages\django\db\backends\base\base.py", line 216, in ensure_connection
    self.connect()
  File "f:\dev\python\python36\lib\site-packages\django\db\backends\base\base.py", line 194, in connect
    self.connection = self.get_new_connection(conn_params)
  File "f:\dev\python\python36\lib\site-packages\django\db\backends\mysql\base.py", line 234, in get_new_connection
    return Database.connect(**conn_params)
  File "f:\dev\python\python36\lib\site-packages\pymysql\connections.py", line 353, in __init__
    self.connect()
  File "f:\dev\python\python36\lib\site-packages\pymysql\connections.py", line 664, in connect
    raise exc
django.db.utils.OperationalError: (2003, "Can't connect to MySQL server on 'localhost' ([WinError 10061] 由于目标计算机积极拒绝，无法连接。)")
ERROR 2021-02-07 23:47:13,924 exception 118 Internal Server Error: /
Traceback (most recent call last):
  File "f:\dev\python\python36\lib\site-packages\pymysql\connections.py", line 614, in connect
    (self.host, self.port), self.connect_timeout, **kwargs
  File "f:\dev\python\python36\lib\socket.py", line 724, in create_connection
    raise err
  File "f:\dev\python\python36\lib\socket.py", line 713, in create_connection
    sock.connect(sa)
ConnectionRefusedError: [WinError 10061] 由于目标计算机积极拒绝，无法连接。

During handling of the above exception, another exception occurred:

Traceback (most recent call last):
  File "f:\dev\python\python36\lib\site-packages\django\db\backends\base\base.py", line 216, in ensure_connection
    self.connect()
  File "f:\dev\python\python36\lib\site-packages\django\db\backends\base\base.py", line 194, in connect
    self.connection = self.get_new_connection(conn_params)
  File "f:\dev\python\python36\lib\site-packages\django\db\backends\mysql\base.py", line 234, in get_new_connection
    return Database.connect(**conn_params)
  File "f:\dev\python\python36\lib\site-packages\pymysql\connections.py", line 353, in __init__
    self.connect()
  File "f:\dev\python\python36\lib\site-packages\pymysql\connections.py", line 664, in connect
    raise exc
pymysql.err.OperationalError: (2003, "Can't connect to MySQL server on 'localhost' ([WinError 10061] 由于目标计算机积极拒绝，无法连接。)")

The above exception was the direct cause of the following exception:

Traceback (most recent call last):
  File "f:\dev\python\python36\lib\site-packages\django\core\handlers\exception.py", line 35, in inner
    response = get_response(request)
  File "f:\dev\python\python36\lib\site-packages\django\core\handlers\base.py", line 128, in _get_response
    response = self.process_exception_by_middleware(e, request)
  File "f:\dev\python\python36\lib\site-packages\django\core\handlers\base.py", line 126, in _get_response
    response = wrapped_callback(request, *callback_args, **callback_kwargs)
  File "f:\dev\python\python36\lib\site-packages\django\views\generic\base.py", line 69, in view
    return self.dispatch(request, *args, **kwargs)
  File "f:\dev\python\python36\lib\site-packages\django\views\generic\base.py", line 89, in dispatch
    return handler(request, *args, **kwargs)
  File "E:\Python_Code\bbs\bbs\home\views.py", line 33, in get
    for category in categories:
  File "f:\dev\python\python36\lib\site-packages\django\db\models\query.py", line 272, in __iter__
    self._fetch_all()
  File "f:\dev\python\python36\lib\site-packages\django\db\models\query.py", line 1179, in _fetch_all
    self._result_cache = list(self._iterable_class(self))
  File "f:\dev\python\python36\lib\site-packages\django\db\models\query.py", line 53, in __iter__
    results = compiler.execute_sql(chunked_fetch=self.chunked_fetch, chunk_size=self.chunk_size)
  File "f:\dev\python\python36\lib\site-packages\django\db\models\sql\compiler.py", line 1066, in execute_sql
    cursor = self.connection.cursor()
  File "f:\dev\python\python36\lib\site-packages\django\db\backends\base\base.py", line 255, in cursor
    return self._cursor()
  File "f:\dev\python\python36\lib\site-packages\django\db\backends\base\base.py", line 232, in _cursor
    self.ensure_connection()
  File "f:\dev\python\python36\lib\site-packages\django\db\backends\base\base.py", line 216, in ensure_connection
    self.connect()
  File "f:\dev\python\python36\lib\site-packages\django\db\utils.py", line 89, in __exit__
    raise dj_exc_value.with_traceback(traceback) from exc_value
  File "f:\dev\python\python36\lib\site-packages\django\db\backends\base\base.py", line 216, in ensure_connection
    self.connect()
  File "f:\dev\python\python36\lib\site-packages\django\db\backends\base\base.py", line 194, in connect
    self.connection = self.get_new_connection(conn_params)
  File "f:\dev\python\python36\lib\site-packages\django\db\backends\mysql\base.py", line 234, in get_new_connection
    return Database.connect(**conn_params)
  File "f:\dev\python\python36\lib\site-packages\pymysql\connections.py", line 353, in __init__
    self.connect()
  File "f:\dev\python\python36\lib\site-packages\pymysql\connections.py", line 664, in connect
    raise exc
django.db.utils.OperationalError: (2003, "Can't connect to MySQL server on 'localhost' ([WinError 10061] 由于目标计算机积极拒绝，无法连接。)")
ERROR 2021-02-07 23:47:17,950 exception 118 Internal Server Error: /
Traceback (most recent call last):
  File "f:\dev\python\python36\lib\site-packages\pymysql\connections.py", line 614, in connect
    (self.host, self.port), self.connect_timeout, **kwargs
  File "f:\dev\python\python36\lib\socket.py", line 724, in create_connection
    raise err
  File "f:\dev\python\python36\lib\socket.py", line 713, in create_connection
    sock.connect(sa)
ConnectionRefusedError: [WinError 10061] 由于目标计算机积极拒绝，无法连接。

During handling of the above exception, another exception occurred:

Traceback (most recent call last):
  File "f:\dev\python\python36\lib\site-packages\django\db\backends\base\base.py", line 216, in ensure_connection
    self.connect()
  File "f:\dev\python\python36\lib\site-packages\django\db\backends\base\base.py", line 194, in connect
    self.connection = self.get_new_connection(conn_params)
  File "f:\dev\python\python36\lib\site-packages\django\db\backends\mysql\base.py", line 234, in get_new_connection
    return Database.connect(**conn_params)
  File "f:\dev\python\python36\lib\site-packages\pymysql\connections.py", line 353, in __init__
    self.connect()
  File "f:\dev\python\python36\lib\site-packages\pymysql\connections.py", line 664, in connect
    raise exc
pymysql.err.OperationalError: (2003, "Can't connect to MySQL server on 'localhost' ([WinError 10061] 由于目标计算机积极拒绝，无法连接。)")

The above exception was the direct cause of the following exception:

Traceback (most recent call last):
  File "f:\dev\python\python36\lib\site-packages\django\core\handlers\exception.py", line 35, in inner
    response = get_response(request)
  File "f:\dev\python\python36\lib\site-packages\django\core\handlers\base.py", line 128, in _get_response
    response = self.process_exception_by_middleware(e, request)
  File "f:\dev\python\python36\lib\site-packages\django\core\handlers\base.py", line 126, in _get_response
    response = wrapped_callback(request, *callback_args, **callback_kwargs)
  File "f:\dev\python\python36\lib\site-packages\django\views\generic\base.py", line 69, in view
    return self.dispatch(request, *args, **kwargs)
  File "f:\dev\python\python36\lib\site-packages\django\views\generic\base.py", line 89, in dispatch
    return handler(request, *args, **kwargs)
  File "E:\Python_Code\bbs\bbs\home\views.py", line 33, in get
    for category in categories:
  File "f:\dev\python\python36\lib\site-packages\django\db\models\query.py", line 272, in __iter__
    self._fetch_all()
  File "f:\dev\python\python36\lib\site-packages\django\db\models\query.py", line 1179, in _fetch_all
    self._result_cache = list(self._iterable_class(self))
  File "f:\dev\python\python36\lib\site-packages\django\db\models\query.py", line 53, in __iter__
    results = compiler.execute_sql(chunked_fetch=self.chunked_fetch, chunk_size=self.chunk_size)
  File "f:\dev\python\python36\lib\site-packages\django\db\models\sql\compiler.py", line 1066, in execute_sql
    cursor = self.connection.cursor()
  File "f:\dev\python\python36\lib\site-packages\django\db\backends\base\base.py", line 255, in cursor
    return self._cursor()
  File "f:\dev\python\python36\lib\site-packages\django\db\backends\base\base.py", line 232, in _cursor
    self.ensure_connection()
  File "f:\dev\python\python36\lib\site-packages\django\db\backends\base\base.py", line 216, in ensure_connection
    self.connect()
  File "f:\dev\python\python36\lib\site-packages\django\db\utils.py", line 89, in __exit__
    raise dj_exc_value.with_traceback(traceback) from exc_value
  File "f:\dev\python\python36\lib\site-packages\django\db\backends\base\base.py", line 216, in ensure_connection
    self.connect()
  File "f:\dev\python\python36\lib\site-packages\django\db\backends\base\base.py", line 194, in connect
    self.connection = self.get_new_connection(conn_params)
  File "f:\dev\python\python36\lib\site-packages\django\db\backends\mysql\base.py", line 234, in get_new_connection
    return Database.connect(**conn_params)
  File "f:\dev\python\python36\lib\site-packages\pymysql\connections.py", line 353, in __init__
    self.connect()
  File "f:\dev\python\python36\lib\site-packages\pymysql\connections.py", line 664, in connect
    raise exc
django.db.utils.OperationalError: (2003, "Can't connect to MySQL server on 'localhost' ([WinError 10061] 由于目标计算机积极拒绝，无法连接。)")
WARNING 2021-02-07 23:47:34,801 base 93 Not Found: /favicon.ico
WARNING 2021-02-07 23:48:55,798 base 93 Not Found: /sdk/vimServiceVersions.xml
WARNING 2021-02-07 23:48:55,803 base 93 Not Found: /sdk/vimService
WARNING 2021-02-07 23:48:55,818 base 93 Not Found: /sdk
WARNING 2021-02-07 23:48:58,451 base 93 Not Found: /sdk/vimServiceVersions.xml
WARNING 2021-02-07 23:48:58,461 base 93 Not Found: /sdk/vimService
WARNING 2021-02-07 23:48:58,464 base 93 Not Found: /sdk
WARNING 2021-02-07 23:49:01,509 base 93 Not Found: /sdk/vimServiceVersions.xml
WARNING 2021-02-07 23:49:01,515 base 93 Not Found: /sdk/vimService
WARNING 2021-02-07 23:49:01,545 base 93 Not Found: /sdk
WARNING 2021-02-08 00:36:23,204 base 93 Not Found: /sdk/vimServiceVersions.xml
WARNING 2021-02-08 00:36:23,222 base 93 Not Found: /sdk/vimServiceVersions.xml
WARNING 2021-02-08 09:55:30,095 base 93 Not Found: /sdk/vimServiceVersions.xml
WARNING 2021-02-08 09:55:30,267 base 93 Not Found: /sdk/vimService
WARNING 2021-02-08 09:55:30,314 base 93 Not Found: /sdk
WARNING 2021-02-08 10:57:28,605 base 93 Not Found: /sdk/vimServiceVersions.xml
WARNING 2021-02-08 10:57:28,621 base 93 Not Found: /sdk/vimService
WARNING 2021-02-08 10:57:28,621 base 93 Not Found: /sdk
WARNING 2021-02-08 11:07:42,916 base 93 Not Found: /sdk/vimServiceVersions.xml
WARNING 2021-02-08 11:07:42,937 base 93 Not Found: /sdk/vimService
WARNING 2021-02-08 11:07:42,944 base 93 Not Found: /sdk
INFO 2021-02-08 11:22:11,952 basehttp 124 "GET / HTTP/1.1" 200 2696
INFO 2021-02-08 11:22:12,020 basehttp 124 "GET /static/css/index.css HTTP/1.1" 200 2013
INFO 2021-02-08 11:22:12,021 basehttp 124 "GET /static/css/public.css HTTP/1.1" 200 3745
INFO 2021-02-08 11:22:12,039 basehttp 124 "GET /static/image/new.gif HTTP/1.1" 200 207
INFO 2021-02-08 11:22:12,048 basehttp 124 "GET /static/image/style_icon.png HTTP/1.1" 200 3852
WARNING 2021-02-08 11:22:12,078 base 93 Not Found: /favicon.ico
WARNING 2021-02-08 11:22:12,079 basehttp 124 "GET /favicon.ico HTTP/1.1" 404 3131
INFO 2021-02-08 11:22:21,083 basehttp 124 "GET /list/?cat_id=4 HTTP/1.1" 200 3808
INFO 2021-02-08 11:22:21,149 basehttp 124 "GET /static/css/list.css HTTP/1.1" 200 2686
INFO 2021-02-08 11:22:21,150 basehttp 124 "GET /static/css/jquery.pagination.css HTTP/1.1" 200 543
INFO 2021-02-08 11:22:21,151 basehttp 124 "GET /static/js/jquery.pagination.min.js HTTP/1.1" 200 2935
INFO 2021-02-08 11:22:21,175 basehttp 124 "GET /static/image/2374101_small.jpg/ HTTP/1.1" 200 2050
INFO 2021-02-08 11:22:21,204 basehttp 124 "GET /static/js/jquery-1.12.4.min.js HTTP/1.1" 200 97163
INFO 2021-02-08 11:22:21,237 basehttp 124 "GET /static/image/main_bg.png HTTP/1.1" 200 533
INFO 2021-02-08 11:22:21,237 basehttp 124 "GET /static/image/bg.png HTTP/1.1" 200 7656
INFO 2021-02-08 11:22:24,692 basehttp 124 "GET /static/show.html HTTP/1.1" 200 4683
INFO 2021-02-08 11:22:24,737 basehttp 124 "GET /static/image/2374101_middle.jpg HTTP/1.1" 200 5673
INFO 2021-02-08 11:22:24,738 basehttp 124 "GET /static/css/show.css HTTP/1.1" 200 2606
INFO 2021-02-08 11:22:24,962 basehttp 124 "GET /static/image/2374102_middle.jpg HTTP/1.1" 200 40709
INFO 2021-02-08 11:22:24,971 basehttp 124 "GET /static/image/2374103_middle.jpg HTTP/1.1" 200 44136
INFO 2021-02-08 11:22:33,909 basehttp 124 "GET /login/ HTTP/1.1" 200 1625
INFO 2021-02-08 11:22:33,946 basehttp 124 "GET /static/css/login.css HTTP/1.1" 200 1483
INFO 2021-02-08 11:22:33,972 basehttp 124 "GET /static/image/core_bg.png HTTP/1.1" 200 8357
INFO 2021-02-08 11:22:37,916 basehttp 124 "GET /register/ HTTP/1.1" 200 2288
INFO 2021-02-08 11:22:37,963 basehttp 124 "GET /static/css/register.css HTTP/1.1" 200 1507
INFO 2021-02-08 11:22:37,964 basehttp 124 "GET /static/image/show_code.jpg HTTP/1.1" 200 2133
INFO 2021-02-08 11:22:46,312 basehttp 124 "GET / HTTP/1.1" 200 2696
INFO 2021-02-08 11:22:57,822 basehttp 124 "GET /list/?cat_id=2 HTTP/1.1" 200 3198
INFO 2021-02-08 11:23:04,222 basehttp 124 "GET /publish/ HTTP/1.1" 200 2033
INFO 2021-02-08 11:23:04,273 basehttp 124 "GET /static/image/missing.png HTTP/1.1" 200 53248
INFO 2021-02-08 11:23:19,324 basehttp 124 "GET / HTTP/1.1" 200 2696
INFO 2021-02-08 20:38:58,606 basehttp 124 "GET / HTTP/1.1" 200 2696
INFO 2021-02-08 20:38:58,736 basehttp 124 "GET /static/css/public.css HTTP/1.1" 200 3745
INFO 2021-02-08 20:38:58,738 basehttp 124 "GET /static/css/index.css HTTP/1.1" 200 2013
INFO 2021-02-08 20:38:58,826 basehttp 124 "GET /static/image/style_icon.png HTTP/1.1" 200 3852
INFO 2021-02-08 20:38:58,834 basehttp 124 "GET /static/image/new.gif HTTP/1.1" 200 207
WARNING 2021-02-08 20:38:58,963 base 93 Not Found: /favicon.ico
WARNING 2021-02-08 20:38:58,964 basehttp 124 "GET /favicon.ico HTTP/1.1" 404 3131
INFO 2021-02-08 20:39:49,254 basehttp 124 "GET /?keyword=centos&submit= HTTP/1.1" 200 2696
INFO 2021-02-08 20:39:58,924 basehttp 124 "GET /?keyword=%E5%B9%B2%E5%9E%83%E5%9C%BE&submit= HTTP/1.1" 200 2696
INFO 2021-02-08 20:40:22,143 basehttp 124 "GET /login/ HTTP/1.1" 200 1625
INFO 2021-02-08 20:40:22,238 basehttp 124 "GET /static/css/login.css HTTP/1.1" 200 1483
INFO 2021-02-08 20:40:22,311 basehttp 124 "GET /static/image/core_bg.png HTTP/1.1" 200 8357
INFO 2021-02-08 20:40:35,343 basehttp 124 "GET /admin/ HTTP/1.1" 302 0
INFO 2021-02-08 20:40:35,435 basehttp 124 "GET /admin/login/?next=/admin/ HTTP/1.1" 200 1857
INFO 2021-02-08 20:40:35,484 basehttp 124 "GET /static/admin/css/login.css HTTP/1.1" 200 1203
INFO 2021-02-08 20:40:54,795 basehttp 124 "POST /admin/login/?next=/admin/ HTTP/1.1" 302 0
INFO 2021-02-08 20:40:59,083 basehttp 124 "GET /admin/ HTTP/1.1" 200 6510
INFO 2021-02-08 20:41:07,705 basehttp 124 "GET /admin/users/user/ HTTP/1.1" 200 4638
INFO 2021-02-08 20:41:12,010 basehttp 124 "GET /admin/jsi18n/ HTTP/1.1" 200 7684
INFO 2021-02-08 20:41:26,395 basehttp 124 "GET / HTTP/1.1" 200 2696
INFO 2021-02-08 20:41:28,688 basehttp 124 "GET /login/ HTTP/1.1" 200 1625
INFO 2021-02-08 20:41:30,863 basehttp 124 "GET / HTTP/1.1" 200 2696
ERROR 2021-02-08 20:41:30,900 basehttp 124 "GET / HTTP/1.1" 500 59
INFO 2021-02-08 20:41:42,714 basehttp 124 "POST /login/ HTTP/1.1" 200 1625
INFO 2021-02-08 20:42:06,280 basehttp 124 "GET /admin/users/user/1/change/ HTTP/1.1" 200 4796
INFO 2021-02-08 20:42:06,408 basehttp 124 "GET /static/admin/js/change_form.js HTTP/1.1" 200 712
INFO 2021-02-08 20:42:06,409 basehttp 124 "GET /static/admin/css/forms.css HTTP/1.1" 200 8173
INFO 2021-02-08 20:42:06,412 basehttp 124 "GET /static/admin/js/prepopulate_init.js HTTP/1.1" 200 495
INFO 2021-02-08 20:42:06,449 basehttp 124 "GET /static/admin/css/widgets.css HTTP/1.1" 200 10340
INFO 2021-02-08 20:42:10,415 basehttp 124 "GET /admin/jsi18n/ HTTP/1.1" 200 7684
INFO 2021-02-08 20:42:16,861 basehttp 124 "GET /login/ HTTP/1.1" 200 1625
INFO 2021-02-08 20:42:39,342 basehttp 124 "POST /login/ HTTP/1.1" 200 1625
INFO 2021-02-08 20:42:44,998 basehttp 124 "GET /register/ HTTP/1.1" 200 2288
INFO 2021-02-08 20:42:45,138 basehttp 124 "GET /static/image/show_code.jpg HTTP/1.1" 200 2133
INFO 2021-02-08 20:42:45,139 basehttp 124 "GET /static/css/register.css HTTP/1.1" 200 1507
INFO 2021-02-08 20:42:51,974 basehttp 124 "GET /admin/users/user/1/delete/ HTTP/1.1" 200 3207
INFO 2021-02-08 20:43:00,904 basehttp 124 "POST /admin/users/user/1/delete/ HTTP/1.1" 302 0
INFO 2021-02-08 20:43:05,106 basehttp 124 "GET /admin/users/user/ HTTP/1.1" 200 4559
INFO 2021-02-08 20:43:09,333 basehttp 124 "GET /admin/jsi18n/ HTTP/1.1" 200 7684
INFO 2021-02-08 20:43:29,077 basehttp 124 "POST /register/ HTTP/1.1" 200 2288
INFO 2021-02-08 20:44:05,524 basehttp 124 "POST /register/ HTTP/1.1" 302 0
INFO 2021-02-08 20:44:09,655 basehttp 124 "GET / HTTP/1.1" 200 2690
INFO 2021-02-08 20:45:01,663 basehttp 124 "GET /list/?cat_id=4 HTTP/1.1" 200 3800
INFO 2021-02-08 20:45:01,734 basehttp 124 "GET /static/css/list.css HTTP/1.1" 200 2686
INFO 2021-02-08 20:45:01,743 basehttp 124 "GET /static/css/jquery.pagination.css HTTP/1.1" 200 543
INFO 2021-02-08 20:45:01,764 basehttp 124 "GET /static/image/2374101_small.jpg/ HTTP/1.1" 200 2050
INFO 2021-02-08 20:45:01,796 basehttp 124 "GET /static/image/main_bg.png HTTP/1.1" 200 533
INFO 2021-02-08 20:45:01,797 basehttp 124 "GET /static/image/bg.png HTTP/1.1" 200 7656
INFO 2021-02-08 20:45:16,413 basehttp 124 "GET /list/?cat_id=1 HTTP/1.1" 200 3198
INFO 2021-02-08 20:45:24,172 basehttp 124 "GET /list/?cat_id=2 HTTP/1.1" 200 3198
INFO 2021-02-08 20:45:35,434 basehttp 124 "GET /list/?cat_id=3 HTTP/1.1" 200 3201
INFO 2021-02-08 20:48:30,387 basehttp 124 "GET / HTTP/1.1" 200 2690
INFO 2021-02-08 20:50:51,917 basehttp 124 "GET / HTTP/1.1" 200 2919
INFO 2021-02-08 20:51:13,150 basehttp 124 "GET / HTTP/1.1" 200 2911
INFO 2021-02-08 20:51:25,869 basehttp 124 "GET /list/?cat_id=1 HTTP/1.1" 200 3198
INFO 2021-02-08 21:03:08,107 basehttp 124 "GET / HTTP/1.1" 200 2911
INFO 2021-02-08 21:03:44,593 basehttp 124 "GET / HTTP/1.1" 200 2919
INFO 2021-02-08 21:03:51,418 basehttp 124 "GET /list/?cat_id=1 HTTP/1.1" 200 3198
INFO 2021-02-08 21:04:01,493 basehttp 124 "GET /list/?cat_id=2 HTTP/1.1" 200 3198
INFO 2021-02-08 21:04:11,765 basehttp 124 "GET /list/?cat_id=4 HTTP/1.1" 200 3800
INFO 2021-02-08 21:04:22,714 basehttp 124 "GET /list/?cat_id=4 HTTP/1.1" 200 3800
INFO 2021-02-08 21:04:32,332 basehttp 124 "GET /list/?cat_id=1 HTTP/1.1" 200 3198
INFO 2021-02-08 21:49:49,501 basehttp 124 "GET / HTTP/1.1" 200 2920
INFO 2021-02-08 21:49:58,591 basehttp 124 "GET /list/?cat_id=1 HTTP/1.1" 200 3207
INFO 2021-02-08 21:50:03,561 basehttp 124 "GET /publish/ HTTP/1.1" 200 2028
INFO 2021-02-08 21:50:03,621 basehttp 124 "GET /static/css/show.css HTTP/1.1" 200 2606
INFO 2021-02-08 21:50:03,630 basehttp 124 "GET /static/image/missing.png HTTP/1.1" 200 53248
INFO 2021-02-08 21:50:11,182 basehttp 124 "GET /list/?page=1 HTTP/1.1" 200 2028
WARNING 2021-02-08 21:50:29,418 base 93 Not Found: /show
WARNING 2021-02-08 21:50:29,420 basehttp 124 "GET /show HTTP/1.1" 404 3294
WARNING 2021-02-08 21:50:39,656 base 93 Not Found: /home/show
WARNING 2021-02-08 21:50:39,657 basehttp 124 "GET /home/show HTTP/1.1" 404 3309
INFO 2021-02-08 21:56:31,070 basehttp 124 "GET / HTTP/1.1" 200 2920
INFO 2021-02-08 21:56:36,957 basehttp 124 "GET /list/?cat_id=1 HTTP/1.1" 200 3207
WARNING 2021-02-11 02:34:54,222 log 230 Not Found: /sdk/vimServiceVersions.xml
WARNING 2021-02-11 02:34:54,274 log 230 Not Found: /sdk/vimService
WARNING 2021-02-11 02:34:54,298 log 230 Not Found: /sdk
WARNING 2021-02-11 11:31:21,772 log 230 Not Found: /sdk/vimServiceVersions.xml
WARNING 2021-02-11 11:31:22,066 log 230 Not Found: /sdk/vimService
WARNING 2021-02-11 11:31:22,115 log 230 Not Found: /sdk
ERROR 2021-02-11 12:15:44,457 log 230 Internal Server Error: /
Traceback (most recent call last):
  File "f:\dev\python\python36\lib\site-packages\django\template\defaulttags.py", line 1034, in find_library
    return parser.libraries[name]
KeyError: 'staticfiles'

During handling of the above exception, another exception occurred:

Traceback (most recent call last):
  File "f:\dev\python\python36\lib\site-packages\django\core\handlers\exception.py", line 47, in inner
    response = get_response(request)
  File "f:\dev\python\python36\lib\site-packages\django\core\handlers\base.py", line 181, in _get_response
    response = wrapped_callback(request, *callback_args, **callback_kwargs)
  File "f:\dev\python\python36\lib\site-packages\django\views\generic\base.py", line 70, in view
    return self.dispatch(request, *args, **kwargs)
  File "f:\dev\python\python36\lib\site-packages\django\views\generic\base.py", line 98, in dispatch
    return handler(request, *args, **kwargs)
  File "E:\Python_Code\bbs\bbs\home\views.py", line 50, in get
    return render(request,'index.html',context=context)
  File "f:\dev\python\python36\lib\site-packages\django\shortcuts.py", line 19, in render
    content = loader.render_to_string(template_name, context, request, using=using)
  File "f:\dev\python\python36\lib\site-packages\django\template\loader.py", line 61, in render_to_string
    template = get_template(template_name, using=using)
  File "f:\dev\python\python36\lib\site-packages\django\template\loader.py", line 15, in get_template
    return engine.get_template(template_name)
  File "f:\dev\python\python36\lib\site-packages\django\template\backends\django.py", line 34, in get_template
    return Template(self.engine.get_template(template_name), self)
  File "f:\dev\python\python36\lib\site-packages\django\template\engine.py", line 143, in get_template
    template, origin = self.find_template(template_name)
  File "f:\dev\python\python36\lib\site-packages\django\template\engine.py", line 125, in find_template
    template = loader.get_template(name, skip=skip)
  File "f:\dev\python\python36\lib\site-packages\django\template\loaders\base.py", line 30, in get_template
    contents, origin, origin.template_name, self.engine,
  File "f:\dev\python\python36\lib\site-packages\django\template\base.py", line 155, in __init__
    self.nodelist = self.compile_nodelist()
  File "f:\dev\python\python36\lib\site-packages\django\template\base.py", line 193, in compile_nodelist
    return parser.parse()
  File "f:\dev\python\python36\lib\site-packages\django\template\base.py", line 478, in parse
    raise self.error(token, e)
  File "f:\dev\python\python36\lib\site-packages\django\template\base.py", line 476, in parse
    compiled_result = compile_func(self, token)
  File "f:\dev\python\python36\lib\site-packages\django\template\defaulttags.py", line 1091, in load
    lib = find_library(parser, name)
  File "f:\dev\python\python36\lib\site-packages\django\template\defaulttags.py", line 1038, in find_library
    name, "\n".join(sorted(parser.libraries)),
django.template.exceptions.TemplateSyntaxError: 'staticfiles' is not a registered tag library. Must be one of:
admin_list
admin_modify
admin_urls
cache
i18n
l10n
log
static
tz
WARNING 2021-02-11 12:15:45,071 log 230 Not Found: /favicon.ico
WARNING 2021-02-11 12:16:51,842 log 230 Not Found: /sdk/vimServiceVersions.xml
WARNING 2021-02-11 12:16:51,848 log 230 Not Found: /sdk/vimService
WARNING 2021-02-11 12:16:51,913 log 230 Not Found: /sdk
WARNING 2021-02-11 12:17:46,780 log 230 Not Found: /favicon.ico
WARNING 2021-02-11 12:18:24,621 log 230 Not Found: /favicon.ico
WARNING 2021-02-11 12:21:12,336 log 230 Not Found: /favicon.ico
WARNING 2021-02-11 12:21:32,263 log 230 Not Found: /favicon.ico
WARNING 2021-02-11 12:28:35,207 log 230 Not Found: /favicon.ico
WARNING 2021-02-11 12:28:44,299 log 230 Not Found: /favicon.ico
WARNING 2021-02-12 11:14:04,318 log 230 Not Found: /favicon.ico
INFO 2021-03-03 22:27:13,813 autoreload 617 Watching for file changes with StatReloader
INFO 2021-03-10 09:20:32,202 autoreload 617 Watching for file changes with StatReloader
INFO 2021-03-10 09:20:41,673 basehttp 157 "GET / HTTP/1.1" 200 1776
INFO 2021-03-10 09:20:41,777 basehttp 157 "GET /static/css/public.css HTTP/1.1" 200 3745
INFO 2021-03-10 09:20:41,778 basehttp 157 "GET /static/css/index.css HTTP/1.1" 200 2013
INFO 2021-03-10 09:20:41,831 basehttp 157 "GET /static/image/style_icon.png HTTP/1.1" 200 3852
WARNING 2021-03-10 09:20:41,955 log 230 Not Found: /favicon.ico
WARNING 2021-03-10 09:20:41,956 basehttp 157 "GET /favicon.ico HTTP/1.1" 404 3496
INFO 2021-03-10 09:20:51,312 basehttp 157 "GET /admin HTTP/1.1" 301 0
INFO 2021-03-10 09:20:51,363 basehttp 157 "GET /admin/ HTTP/1.1" 302 0
INFO 2021-03-10 09:20:51,739 basehttp 157 "GET /admin/login/?next=/admin/ HTTP/1.1" 200 2196
INFO 2021-03-10 09:20:51,805 basehttp 157 "GET /static/admin/css/login.css HTTP/1.1" 200 1185
INFO 2021-03-10 09:20:51,815 basehttp 157 "GET /static/admin/css/fonts.css HTTP/1.1" 200 423
INFO 2021-03-10 09:20:51,837 basehttp 157 "GET /static/admin/js/nav_sidebar.js HTTP/1.1" 200 1360
INFO 2021-03-10 09:21:10,140 basehttp 157 "POST /admin/login/?next=/admin/ HTTP/1.1" 302 0
INFO 2021-03-10 09:21:12,271 basehttp 157 "GET /admin/ HTTP/1.1" 200 5475
INFO 2021-03-10 09:21:12,337 basehttp 157 "GET /static/admin/css/dashboard.css HTTP/1.1" 200 380
INFO 2021-03-10 09:21:12,379 basehttp 157 "GET /static/admin/img/icon-changelink.svg HTTP/1.1" 200 380
INFO 2021-03-10 09:22:12,663 basehttp 157 "GET /admin/home/categorymodel/ HTTP/1.1" 200 6092
INFO 2021-03-10 09:22:14,766 basehttp 157 "GET /admin/jsi18n/ HTTP/1.1" 200 7732
INFO 2021-03-10 09:23:19,584 basehttp 157 "GET /admin/home/categorymodel/add/ HTTP/1.1" 200 8164
INFO 2021-03-10 09:23:19,652 basehttp 157 "GET /static/admin/img/icon-deletelink.svg HTTP/1.1" 200 392
INFO 2021-03-10 09:23:21,654 basehttp 157 "GET /admin/jsi18n/ HTTP/1.1" 200 7732
INFO 2021-03-10 09:23:31,691 basehttp 157 "POST /admin/home/categorymodel/add/ HTTP/1.1" 302 0
INFO 2021-03-10 09:23:33,782 basehttp 157 "GET /admin/home/categorymodel/add/ HTTP/1.1" 200 8455
INFO 2021-03-10 09:23:35,838 basehttp 157 "GET /admin/jsi18n/ HTTP/1.1" 200 7732
INFO 2021-03-10 09:23:35,881 basehttp 157 "GET /static/admin/img/icon-yes.svg HTTP/1.1" 200 436
INFO 2021-03-10 09:23:44,261 basehttp 157 "POST /admin/home/categorymodel/add/ HTTP/1.1" 302 0
INFO 2021-03-10 09:23:46,345 basehttp 157 "GET /admin/home/categorymodel/add/ HTTP/1.1" 200 8495
INFO 2021-03-10 09:23:48,397 basehttp 157 "GET /admin/jsi18n/ HTTP/1.1" 200 7732
INFO 2021-03-10 09:24:12,095 basehttp 157 "POST /admin/home/categorymodel/add/ HTTP/1.1" 302 0
INFO 2021-03-10 09:24:14,207 basehttp 157 "GET /admin/home/categorymodel/add/ HTTP/1.1" 200 8541
INFO 2021-03-10 09:24:16,277 basehttp 157 "GET /admin/jsi18n/ HTTP/1.1" 200 7732
INFO 2021-03-10 09:24:23,606 basehttp 157 "POST /admin/home/categorymodel/add/ HTTP/1.1" 302 0
INFO 2021-03-10 09:24:25,847 basehttp 157 "GET /admin/home/categorymodel/ HTTP/1.1" 200 8119
INFO 2021-03-10 09:24:27,934 basehttp 157 "GET /admin/jsi18n/ HTTP/1.1" 200 7732
INFO 2021-03-10 09:24:37,704 basehttp 157 "GET /admin/home/articlemodel/ HTTP/1.1" 200 6090
INFO 2021-03-10 09:24:39,764 basehttp 157 "GET /admin/jsi18n/ HTTP/1.1" 200 7732
INFO 2021-03-10 09:24:51,543 basehttp 157 "GET /admin/home/articlemodel/add/ HTTP/1.1" 200 11779
INFO 2021-03-10 09:24:53,619 basehttp 157 "GET /admin/jsi18n/ HTTP/1.1" 200 7732
INFO 2021-03-10 09:25:13,536 basehttp 157 "GET /admin/auth/user/add/ HTTP/1.1" 200 8466
INFO 2021-03-10 09:25:15,627 basehttp 157 "GET /admin/jsi18n/ HTTP/1.1" 200 7732
INFO 2021-03-10 09:25:34,539 basehttp 157 "POST /admin/auth/user/add/ HTTP/1.1" 302 0
INFO 2021-03-10 09:25:36,855 basehttp 157 "GET /admin/auth/user/2/change/ HTTP/1.1" 200 17902
INFO 2021-03-10 09:25:36,946 basehttp 157 "GET /static/admin/js/SelectBox.js HTTP/1.1" 200 4257
INFO 2021-03-10 09:25:36,964 basehttp 157 "GET /static/admin/js/SelectFilter2.js HTTP/1.1" 200 12350
INFO 2021-03-10 09:25:38,931 basehttp 157 "GET /admin/jsi18n/ HTTP/1.1" 200 7732
INFO 2021-03-10 09:25:39,055 basehttp 157 "GET /static/admin/img/search.svg HTTP/1.1" 200 458
INFO 2021-03-10 09:25:39,063 basehttp 157 "GET /static/admin/img/icon-unknown.svg HTTP/1.1" 200 655
INFO 2021-03-10 09:25:39,068 basehttp 157 "GET /static/admin/img/icon-unknown-alt.svg HTTP/1.1" 200 655
INFO 2021-03-10 09:25:39,155 basehttp 157 "GET /static/admin/img/selector-icons.svg HTTP/1.1" 200 3291
INFO 2021-03-10 09:25:57,884 basehttp 157 "GET /admin/home/articlemodel/ HTTP/1.1" 200 6090
INFO 2021-03-10 09:25:59,945 basehttp 157 "GET /admin/jsi18n/ HTTP/1.1" 200 7732
INFO 2021-03-10 09:26:06,977 basehttp 157 "GET /admin/home/articlemodel/add/ HTTP/1.1" 200 11779
INFO 2021-03-10 09:26:09,047 basehttp 157 "GET /admin/jsi18n/ HTTP/1.1" 200 7732
INFO 2021-03-10 09:26:41,898 basehttp 157 "GET /admin/users/user/add/?_to_field=id&_popup=1 HTTP/1.1" 200 3428
ERROR 2021-03-10 09:26:41,899 basehttp 157 "GET /admin/users/user/add/?_to_field=id&_popup=1 HTTP/1.1" 500 59
INFO 2021-03-10 09:26:48,254 basehttp 157 "POST /admin/home/articlemodel/add/ HTTP/1.1" 200 11971
INFO 2021-03-10 09:26:50,313 basehttp 157 "GET /admin/jsi18n/ HTTP/1.1" 200 7732
INFO 2021-03-10 09:26:58,506 basehttp 157 "GET /admin/auth/user/ HTTP/1.1" 200 9903
INFO 2021-03-10 09:26:58,610 basehttp 157 "GET /static/admin/img/icon-no.svg HTTP/1.1" 200 560
INFO 2021-03-10 09:27:00,613 basehttp 157 "GET /admin/jsi18n/ HTTP/1.1" 200 7732
INFO 2021-03-10 09:27:00,674 basehttp 157 "GET /static/admin/img/sorting-icons.svg HTTP/1.1" 200 1097
ERROR 2021-03-10 09:27:18,130 log 230 Internal Server Error: /
Traceback (most recent call last):
  File "F:\dev\Python\Python36\lib\site-packages\django\core\handlers\exception.py", line 47, in inner
    response = get_response(request)
  File "F:\dev\Python\Python36\lib\site-packages\django\core\handlers\base.py", line 181, in _get_response
    response = wrapped_callback(request, *callback_args, **callback_kwargs)
  File "F:\dev\Python\Python36\lib\site-packages\django\views\generic\base.py", line 70, in view
    return self.dispatch(request, *args, **kwargs)
  File "F:\dev\Python\Python36\lib\site-packages\django\views\generic\base.py", line 98, in dispatch
    return handler(request, *args, **kwargs)
  File "E:\Python_Code\bbs\bbs\home\views.py", line 52, in get
    return render(request,'index.html',context=context)
  File "F:\dev\Python\Python36\lib\site-packages\django\shortcuts.py", line 19, in render
    content = loader.render_to_string(template_name, context, request, using=using)
  File "F:\dev\Python\Python36\lib\site-packages\django\template\loader.py", line 62, in render_to_string
    return template.render(context, request)
  File "F:\dev\Python\Python36\lib\site-packages\django\template\backends\django.py", line 61, in render
    return self.template.render(context)
  File "F:\dev\Python\Python36\lib\site-packages\django\template\base.py", line 170, in render
    return self._render(context)
  File "F:\dev\Python\Python36\lib\site-packages\django\template\base.py", line 162, in _render
    return self.nodelist.render(context)
  File "F:\dev\Python\Python36\lib\site-packages\django\template\base.py", line 938, in render
    bit = node.render_annotated(context)
  File "F:\dev\Python\Python36\lib\site-packages\django\template\base.py", line 905, in render_annotated
    return self.render(context)
  File "F:\dev\Python\Python36\lib\site-packages\django\template\defaulttags.py", line 211, in render
    nodelist.append(node.render_annotated(context))
  File "F:\dev\Python\Python36\lib\site-packages\django\template\base.py", line 905, in render_annotated
    return self.render(context)
  File "F:\dev\Python\Python36\lib\site-packages\django\template\defaulttags.py", line 446, in render
    url = reverse(view_name, args=args, kwargs=kwargs, current_app=current_app)
  File "F:\dev\Python\Python36\lib\site-packages\django\urls\base.py", line 87, in reverse
    return iri_to_uri(resolver._reverse_with_prefix(view, prefix, *args, **kwargs))
  File "F:\dev\Python\Python36\lib\site-packages\django\urls\resolvers.py", line 685, in _reverse_with_prefix
    raise NoReverseMatch(msg)
django.urls.exceptions.NoReverseMatch: Reverse for 'list' not found. 'list' is not a valid view function or pattern name.
ERROR 2021-03-10 09:27:18,135 basehttp 157 "GET / HTTP/1.1" 500 139886
ERROR 2021-03-10 09:28:21,947 log 230 Internal Server Error: /
Traceback (most recent call last):
  File "F:\dev\Python\Python36\lib\site-packages\django\core\handlers\exception.py", line 47, in inner
    response = get_response(request)
  File "F:\dev\Python\Python36\lib\site-packages\django\core\handlers\base.py", line 181, in _get_response
    response = wrapped_callback(request, *callback_args, **callback_kwargs)
  File "F:\dev\Python\Python36\lib\site-packages\django\views\generic\base.py", line 70, in view
    return self.dispatch(request, *args, **kwargs)
  File "F:\dev\Python\Python36\lib\site-packages\django\views\generic\base.py", line 98, in dispatch
    return handler(request, *args, **kwargs)
  File "E:\Python_Code\bbs\bbs\home\views.py", line 52, in get
    return render(request,'index.html',context=context)
  File "F:\dev\Python\Python36\lib\site-packages\django\shortcuts.py", line 19, in render
    content = loader.render_to_string(template_name, context, request, using=using)
  File "F:\dev\Python\Python36\lib\site-packages\django\template\loader.py", line 62, in render_to_string
    return template.render(context, request)
  File "F:\dev\Python\Python36\lib\site-packages\django\template\backends\django.py", line 61, in render
    return self.template.render(context)
  File "F:\dev\Python\Python36\lib\site-packages\django\template\base.py", line 170, in render
    return self._render(context)
  File "F:\dev\Python\Python36\lib\site-packages\django\template\base.py", line 162, in _render
    return self.nodelist.render(context)
  File "F:\dev\Python\Python36\lib\site-packages\django\template\base.py", line 938, in render
    bit = node.render_annotated(context)
  File "F:\dev\Python\Python36\lib\site-packages\django\template\base.py", line 905, in render_annotated
    return self.render(context)
  File "F:\dev\Python\Python36\lib\site-packages\django\template\defaulttags.py", line 211, in render
    nodelist.append(node.render_annotated(context))
  File "F:\dev\Python\Python36\lib\site-packages\django\template\base.py", line 905, in render_annotated
    return self.render(context)
  File "F:\dev\Python\Python36\lib\site-packages\django\template\defaulttags.py", line 446, in render
    url = reverse(view_name, args=args, kwargs=kwargs, current_app=current_app)
  File "F:\dev\Python\Python36\lib\site-packages\django\urls\base.py", line 87, in reverse
    return iri_to_uri(resolver._reverse_with_prefix(view, prefix, *args, **kwargs))
  File "F:\dev\Python\Python36\lib\site-packages\django\urls\resolvers.py", line 685, in _reverse_with_prefix
    raise NoReverseMatch(msg)
django.urls.exceptions.NoReverseMatch: Reverse for 'list' not found. 'list' is not a valid view function or pattern name.
ERROR 2021-03-10 09:28:21,948 basehttp 157 "GET / HTTP/1.1" 500 140186
INFO 2021-03-10 09:28:46,592 autoreload 617 Watching for file changes with StatReloader
INFO 2021-03-10 09:29:01,001 basehttp 157 "GET / HTTP/1.1" 200 2926
INFO 2021-03-10 09:29:01,083 basehttp 157 "GET /static/image/new.gif HTTP/1.1" 200 207
ERROR 2021-03-10 09:29:09,703 log 230 Internal Server Error: /register/
Traceback (most recent call last):
  File "F:\dev\Python\Python36\lib\site-packages\django\template\defaulttags.py", line 1034, in find_library
    return parser.libraries[name]
KeyError: 'staticfiles'

During handling of the above exception, another exception occurred:

Traceback (most recent call last):
  File "F:\dev\Python\Python36\lib\site-packages\django\core\handlers\exception.py", line 47, in inner
    response = get_response(request)
  File "F:\dev\Python\Python36\lib\site-packages\django\core\handlers\base.py", line 181, in _get_response
    response = wrapped_callback(request, *callback_args, **callback_kwargs)
  File "F:\dev\Python\Python36\lib\site-packages\django\views\generic\base.py", line 70, in view
    return self.dispatch(request, *args, **kwargs)
  File "F:\dev\Python\Python36\lib\site-packages\django\views\generic\base.py", line 98, in dispatch
    return handler(request, *args, **kwargs)
  File "E:\Python_Code\bbs\bbs\users\views.py", line 16, in get
    return render(request,'register.html')
  File "F:\dev\Python\Python36\lib\site-packages\django\shortcuts.py", line 19, in render
    content = loader.render_to_string(template_name, context, request, using=using)
  File "F:\dev\Python\Python36\lib\site-packages\django\template\loader.py", line 61, in render_to_string
    template = get_template(template_name, using=using)
  File "F:\dev\Python\Python36\lib\site-packages\django\template\loader.py", line 15, in get_template
    return engine.get_template(template_name)
  File "F:\dev\Python\Python36\lib\site-packages\django\template\backends\django.py", line 34, in get_template
    return Template(self.engine.get_template(template_name), self)
  File "F:\dev\Python\Python36\lib\site-packages\django\template\engine.py", line 143, in get_template
    template, origin = self.find_template(template_name)
  File "F:\dev\Python\Python36\lib\site-packages\django\template\engine.py", line 125, in find_template
    template = loader.get_template(name, skip=skip)
  File "F:\dev\Python\Python36\lib\site-packages\django\template\loaders\base.py", line 30, in get_template
    contents, origin, origin.template_name, self.engine,
  File "F:\dev\Python\Python36\lib\site-packages\django\template\base.py", line 155, in __init__
    self.nodelist = self.compile_nodelist()
  File "F:\dev\Python\Python36\lib\site-packages\django\template\base.py", line 193, in compile_nodelist
    return parser.parse()
  File "F:\dev\Python\Python36\lib\site-packages\django\template\base.py", line 478, in parse
    raise self.error(token, e)
  File "F:\dev\Python\Python36\lib\site-packages\django\template\base.py", line 476, in parse
    compiled_result = compile_func(self, token)
  File "F:\dev\Python\Python36\lib\site-packages\django\template\defaulttags.py", line 1091, in load
    lib = find_library(parser, name)
  File "F:\dev\Python\Python36\lib\site-packages\django\template\defaulttags.py", line 1038, in find_library
    name, "\n".join(sorted(parser.libraries)),
django.template.exceptions.TemplateSyntaxError: 'staticfiles' is not a registered tag library. Must be one of:
admin_list
admin_modify
admin_urls
cache
i18n
l10n
log
static
tz
ERROR 2021-03-10 09:29:09,707 basehttp 157 "GET /register/ HTTP/1.1" 500 148231
ERROR 2021-03-10 09:29:45,244 log 230 Internal Server Error: /register/
Traceback (most recent call last):
  File "F:\dev\Python\Python36\lib\site-packages\django\template\defaulttags.py", line 1034, in find_library
    return parser.libraries[name]
KeyError: 'staticfiles'

During handling of the above exception, another exception occurred:

Traceback (most recent call last):
  File "F:\dev\Python\Python36\lib\site-packages\django\core\handlers\exception.py", line 47, in inner
    response = get_response(request)
  File "F:\dev\Python\Python36\lib\site-packages\django\core\handlers\base.py", line 181, in _get_response
    response = wrapped_callback(request, *callback_args, **callback_kwargs)
  File "F:\dev\Python\Python36\lib\site-packages\django\views\generic\base.py", line 70, in view
    return self.dispatch(request, *args, **kwargs)
  File "F:\dev\Python\Python36\lib\site-packages\django\views\generic\base.py", line 98, in dispatch
    return handler(request, *args, **kwargs)
  File "E:\Python_Code\bbs\bbs\users\views.py", line 16, in get
    return render(request,'register.html')
  File "F:\dev\Python\Python36\lib\site-packages\django\shortcuts.py", line 19, in render
    content = loader.render_to_string(template_name, context, request, using=using)
  File "F:\dev\Python\Python36\lib\site-packages\django\template\loader.py", line 61, in render_to_string
    template = get_template(template_name, using=using)
  File "F:\dev\Python\Python36\lib\site-packages\django\template\loader.py", line 15, in get_template
    return engine.get_template(template_name)
  File "F:\dev\Python\Python36\lib\site-packages\django\template\backends\django.py", line 34, in get_template
    return Template(self.engine.get_template(template_name), self)
  File "F:\dev\Python\Python36\lib\site-packages\django\template\engine.py", line 143, in get_template
    template, origin = self.find_template(template_name)
  File "F:\dev\Python\Python36\lib\site-packages\django\template\engine.py", line 125, in find_template
    template = loader.get_template(name, skip=skip)
  File "F:\dev\Python\Python36\lib\site-packages\django\template\loaders\base.py", line 30, in get_template
    contents, origin, origin.template_name, self.engine,
  File "F:\dev\Python\Python36\lib\site-packages\django\template\base.py", line 155, in __init__
    self.nodelist = self.compile_nodelist()
  File "F:\dev\Python\Python36\lib\site-packages\django\template\base.py", line 193, in compile_nodelist
    return parser.parse()
  File "F:\dev\Python\Python36\lib\site-packages\django\template\base.py", line 478, in parse
    raise self.error(token, e)
  File "F:\dev\Python\Python36\lib\site-packages\django\template\base.py", line 476, in parse
    compiled_result = compile_func(self, token)
  File "F:\dev\Python\Python36\lib\site-packages\django\template\defaulttags.py", line 1091, in load
    lib = find_library(parser, name)
  File "F:\dev\Python\Python36\lib\site-packages\django\template\defaulttags.py", line 1038, in find_library
    name, "\n".join(sorted(parser.libraries)),
django.template.exceptions.TemplateSyntaxError: 'staticfiles' is not a registered tag library. Must be one of:
admin_list
admin_modify
admin_urls
cache
i18n
l10n
log
static
tz
ERROR 2021-03-10 09:29:45,245 basehttp 157 "GET /register/ HTTP/1.1" 500 148231
INFO 2021-03-10 09:30:09,105 autoreload 617 Watching for file changes with StatReloader
ERROR 2021-03-10 09:30:18,112 log 230 Internal Server Error: /register/
Traceback (most recent call last):
  File "F:\dev\Python\Python36\lib\site-packages\django\template\defaulttags.py", line 1034, in find_library
    return parser.libraries[name]
KeyError: 'staticfiles'

During handling of the above exception, another exception occurred:

Traceback (most recent call last):
  File "F:\dev\Python\Python36\lib\site-packages\django\core\handlers\exception.py", line 47, in inner
    response = get_response(request)
  File "F:\dev\Python\Python36\lib\site-packages\django\core\handlers\base.py", line 181, in _get_response
    response = wrapped_callback(request, *callback_args, **callback_kwargs)
  File "F:\dev\Python\Python36\lib\site-packages\django\views\generic\base.py", line 70, in view
    return self.dispatch(request, *args, **kwargs)
  File "F:\dev\Python\Python36\lib\site-packages\django\views\generic\base.py", line 98, in dispatch
    return handler(request, *args, **kwargs)
  File "E:\Python_Code\bbs\bbs\users\views.py", line 16, in get
    return render(request,'register.html')
  File "F:\dev\Python\Python36\lib\site-packages\django\shortcuts.py", line 19, in render
    content = loader.render_to_string(template_name, context, request, using=using)
  File "F:\dev\Python\Python36\lib\site-packages\django\template\loader.py", line 61, in render_to_string
    template = get_template(template_name, using=using)
  File "F:\dev\Python\Python36\lib\site-packages\django\template\loader.py", line 15, in get_template
    return engine.get_template(template_name)
  File "F:\dev\Python\Python36\lib\site-packages\django\template\backends\django.py", line 34, in get_template
    return Template(self.engine.get_template(template_name), self)
  File "F:\dev\Python\Python36\lib\site-packages\django\template\engine.py", line 143, in get_template
    template, origin = self.find_template(template_name)
  File "F:\dev\Python\Python36\lib\site-packages\django\template\engine.py", line 125, in find_template
    template = loader.get_template(name, skip=skip)
  File "F:\dev\Python\Python36\lib\site-packages\django\template\loaders\base.py", line 30, in get_template
    contents, origin, origin.template_name, self.engine,
  File "F:\dev\Python\Python36\lib\site-packages\django\template\base.py", line 155, in __init__
    self.nodelist = self.compile_nodelist()
  File "F:\dev\Python\Python36\lib\site-packages\django\template\base.py", line 193, in compile_nodelist
    return parser.parse()
  File "F:\dev\Python\Python36\lib\site-packages\django\template\base.py", line 478, in parse
    raise self.error(token, e)
  File "F:\dev\Python\Python36\lib\site-packages\django\template\base.py", line 476, in parse
    compiled_result = compile_func(self, token)
  File "F:\dev\Python\Python36\lib\site-packages\django\template\defaulttags.py", line 1091, in load
    lib = find_library(parser, name)
  File "F:\dev\Python\Python36\lib\site-packages\django\template\defaulttags.py", line 1038, in find_library
    name, "\n".join(sorted(parser.libraries)),
django.template.exceptions.TemplateSyntaxError: 'staticfiles' is not a registered tag library. Must be one of:
admin_list
admin_modify
admin_urls
cache
i18n
l10n
log
static
tz
ERROR 2021-03-10 09:30:18,116 basehttp 157 "GET /register/ HTTP/1.1" 500 148368
ERROR 2021-03-10 09:30:27,506 log 230 Internal Server Error: /login/
Traceback (most recent call last):
  File "F:\dev\Python\Python36\lib\site-packages\django\template\defaulttags.py", line 1034, in find_library
    return parser.libraries[name]
KeyError: 'staticfiles'

During handling of the above exception, another exception occurred:

Traceback (most recent call last):
  File "F:\dev\Python\Python36\lib\site-packages\django\core\handlers\exception.py", line 47, in inner
    response = get_response(request)
  File "F:\dev\Python\Python36\lib\site-packages\django\core\handlers\base.py", line 181, in _get_response
    response = wrapped_callback(request, *callback_args, **callback_kwargs)
  File "F:\dev\Python\Python36\lib\site-packages\django\views\generic\base.py", line 70, in view
    return self.dispatch(request, *args, **kwargs)
  File "F:\dev\Python\Python36\lib\site-packages\django\views\generic\base.py", line 98, in dispatch
    return handler(request, *args, **kwargs)
  File "E:\Python_Code\bbs\bbs\users\views.py", line 69, in get
    return render(request,'login.html')
  File "F:\dev\Python\Python36\lib\site-packages\django\shortcuts.py", line 19, in render
    content = loader.render_to_string(template_name, context, request, using=using)
  File "F:\dev\Python\Python36\lib\site-packages\django\template\loader.py", line 61, in render_to_string
    template = get_template(template_name, using=using)
  File "F:\dev\Python\Python36\lib\site-packages\django\template\loader.py", line 15, in get_template
    return engine.get_template(template_name)
  File "F:\dev\Python\Python36\lib\site-packages\django\template\backends\django.py", line 34, in get_template
    return Template(self.engine.get_template(template_name), self)
  File "F:\dev\Python\Python36\lib\site-packages\django\template\engine.py", line 143, in get_template
    template, origin = self.find_template(template_name)
  File "F:\dev\Python\Python36\lib\site-packages\django\template\engine.py", line 125, in find_template
    template = loader.get_template(name, skip=skip)
  File "F:\dev\Python\Python36\lib\site-packages\django\template\loaders\base.py", line 30, in get_template
    contents, origin, origin.template_name, self.engine,
  File "F:\dev\Python\Python36\lib\site-packages\django\template\base.py", line 155, in __init__
    self.nodelist = self.compile_nodelist()
  File "F:\dev\Python\Python36\lib\site-packages\django\template\base.py", line 193, in compile_nodelist
    return parser.parse()
  File "F:\dev\Python\Python36\lib\site-packages\django\template\base.py", line 478, in parse
    raise self.error(token, e)
  File "F:\dev\Python\Python36\lib\site-packages\django\template\base.py", line 476, in parse
    compiled_result = compile_func(self, token)
  File "F:\dev\Python\Python36\lib\site-packages\django\template\defaulttags.py", line 1091, in load
    lib = find_library(parser, name)
  File "F:\dev\Python\Python36\lib\site-packages\django\template\defaulttags.py", line 1038, in find_library
    name, "\n".join(sorted(parser.libraries)),
django.template.exceptions.TemplateSyntaxError: 'staticfiles' is not a registered tag library. Must be one of:
admin_list
admin_modify
admin_urls
cache
i18n
l10n
log
static
tz
ERROR 2021-03-10 09:30:27,507 basehttp 157 "GET /login/ HTTP/1.1" 500 145685
INFO 2021-03-10 09:33:29,997 autoreload 617 Watching for file changes with StatReloader
INFO 2021-03-10 09:34:21,567 basehttp 157 "GET / HTTP/1.1" 200 2926
WARNING 2021-03-10 09:34:21,713 log 230 Not Found: /favicon.ico
WARNING 2021-03-10 09:34:21,714 basehttp 157 "GET /favicon.ico HTTP/1.1" 404 3496
ERROR 2021-03-10 09:34:25,975 log 230 Internal Server Error: /register/
Traceback (most recent call last):
  File "F:\dev\Python\Python36\lib\site-packages\django\core\handlers\exception.py", line 47, in inner
    response = get_response(request)
  File "F:\dev\Python\Python36\lib\site-packages\django\core\handlers\base.py", line 181, in _get_response
    response = wrapped_callback(request, *callback_args, **callback_kwargs)
  File "F:\dev\Python\Python36\lib\site-packages\django\views\generic\base.py", line 70, in view
    return self.dispatch(request, *args, **kwargs)
  File "F:\dev\Python\Python36\lib\site-packages\django\views\generic\base.py", line 98, in dispatch
    return handler(request, *args, **kwargs)
  File "E:\Python_Code\bbs\bbs\users\views.py", line 16, in get
    return render(request,'register.html')
  File "F:\dev\Python\Python36\lib\site-packages\django\shortcuts.py", line 19, in render
    content = loader.render_to_string(template_name, context, request, using=using)
  File "F:\dev\Python\Python36\lib\site-packages\django\template\loader.py", line 62, in render_to_string
    return template.render(context, request)
  File "F:\dev\Python\Python36\lib\site-packages\django\template\backends\django.py", line 61, in render
    return self.template.render(context)
  File "F:\dev\Python\Python36\lib\site-packages\django\template\base.py", line 170, in render
    return self._render(context)
  File "F:\dev\Python\Python36\lib\site-packages\django\template\base.py", line 162, in _render
    return self.nodelist.render(context)
  File "F:\dev\Python\Python36\lib\site-packages\django\template\base.py", line 938, in render
    bit = node.render_annotated(context)
  File "F:\dev\Python\Python36\lib\site-packages\django\template\base.py", line 905, in render_annotated
    return self.render(context)
  File "F:\dev\Python\Python36\lib\site-packages\django\template\defaulttags.py", line 446, in render
    url = reverse(view_name, args=args, kwargs=kwargs, current_app=current_app)
  File "F:\dev\Python\Python36\lib\site-packages\django\urls\base.py", line 87, in reverse
    return iri_to_uri(resolver._reverse_with_prefix(view, prefix, *args, **kwargs))
  File "F:\dev\Python\Python36\lib\site-packages\django\urls\resolvers.py", line 685, in _reverse_with_prefix
    raise NoReverseMatch(msg)
django.urls.exceptions.NoReverseMatch: Reverse for 'index' not found. 'index' is not a valid view function or pattern name.
ERROR 2021-03-10 09:34:25,978 basehttp 157 "GET /register/ HTTP/1.1" 500 125965
INFO 2021-03-10 09:39:29,508 autoreload 617 Watching for file changes with StatReloader
INFO 2021-03-10 09:39:43,662 basehttp 157 "GET / HTTP/1.1" 200 2926
INFO 2021-03-10 09:39:45,938 basehttp 157 "GET /register/ HTTP/1.1" 200 2286
INFO 2021-03-10 09:39:46,088 basehttp 157 "GET /static/image/show_code.jpg HTTP/1.1" 200 2133
INFO 2021-03-10 09:39:46,090 basehttp 157 "GET /static/css/register.css HTTP/1.1" 200 1507
INFO 2021-03-10 09:39:46,124 basehttp 157 "GET /static/image/core_bg.png HTTP/1.1" 200 8357
INFO 2021-03-10 09:39:47,748 basehttp 157 "GET /login/ HTTP/1.1" 200 1623
INFO 2021-03-10 09:39:47,788 basehttp 157 "GET /static/css/login.css HTTP/1.1" 200 1483
INFO 2021-03-10 09:39:49,471 basehttp 157 "GET /register/ HTTP/1.1" 200 2286
INFO 2021-03-10 09:40:08,853 basehttp 157 "POST /register/ HTTP/1.1" 302 0
INFO 2021-03-10 09:40:11,022 basehttp 157 "GET / HTTP/1.1" 200 2920
ERROR 2021-03-10 09:40:16,046 log 230 Internal Server Error: /list/
Traceback (most recent call last):
  File "F:\dev\Python\Python36\lib\site-packages\django\core\handlers\exception.py", line 47, in inner
    response = get_response(request)
  File "F:\dev\Python\Python36\lib\site-packages\django\core\handlers\base.py", line 181, in _get_response
    response = wrapped_callback(request, *callback_args, **callback_kwargs)
  File "F:\dev\Python\Python36\lib\site-packages\django\views\generic\base.py", line 70, in view
    return self.dispatch(request, *args, **kwargs)
  File "F:\dev\Python\Python36\lib\site-packages\django\views\generic\base.py", line 98, in dispatch
    return handler(request, *args, **kwargs)
  File "E:\Python_Code\bbs\bbs\home\views.py", line 90, in get
    hot_article = ArticleModel.objects.first(category=category).order_by('-comments')[:3]
  File "F:\dev\Python\Python36\lib\site-packages\django\db\models\manager.py", line 85, in manager_method
    return getattr(self.get_queryset(), name)(*args, **kwargs)
TypeError: first() got an unexpected keyword argument 'category'
ERROR 2021-03-10 09:40:16,048 basehttp 157 "GET /list/?cat_id=1 HTTP/1.1" 500 79497
INFO 2021-03-10 09:42:13,144 autoreload 240 E:\Python_Code\bbs\bbs\home\views.py changed, reloading.
INFO 2021-03-10 09:42:14,125 autoreload 617 Watching for file changes with StatReloader
ERROR 2021-03-10 09:42:26,386 log 230 Internal Server Error: /list/
Traceback (most recent call last):
  File "F:\dev\Python\Python36\lib\site-packages\django\core\handlers\exception.py", line 47, in inner
    response = get_response(request)
  File "F:\dev\Python\Python36\lib\site-packages\django\core\handlers\base.py", line 181, in _get_response
    response = wrapped_callback(request, *callback_args, **callback_kwargs)
  File "F:\dev\Python\Python36\lib\site-packages\django\views\generic\base.py", line 70, in view
    return self.dispatch(request, *args, **kwargs)
  File "F:\dev\Python\Python36\lib\site-packages\django\views\generic\base.py", line 98, in dispatch
    return handler(request, *args, **kwargs)
  File "E:\Python_Code\bbs\bbs\home\views.py", line 109, in get
    'hot_articles':hot_article,
NameError: name 'hot_article' is not defined
ERROR 2021-03-10 09:42:26,388 basehttp 157 "GET /list/?cat_id=1 HTTP/1.1" 500 76713
INFO 2021-03-10 09:42:37,651 autoreload 240 E:\Python_Code\bbs\bbs\home\views.py changed, reloading.
INFO 2021-03-10 09:42:38,629 autoreload 617 Watching for file changes with StatReloader
INFO 2021-03-10 09:42:56,869 autoreload 617 Watching for file changes with StatReloader
INFO 2021-03-10 09:43:08,645 basehttp 157 "GET / HTTP/1.1" 200 2920
INFO 2021-03-10 09:43:13,405 basehttp 157 "GET /list/?cat_id=1 HTTP/1.1" 200 3008
INFO 2021-03-10 09:43:13,492 basehttp 157 "GET /static/css/jquery.pagination.css HTTP/1.1" 200 543
INFO 2021-03-10 09:43:13,577 basehttp 157 "GET /static/css/list.css HTTP/1.1" 200 2686
INFO 2021-03-10 09:43:13,641 basehttp 157 "GET /static/image/bg.png HTTP/1.1" 200 7656
INFO 2021-03-10 09:43:13,641 basehttp 157 "GET /static/image/main_bg.png HTTP/1.1" 200 533
INFO 2021-03-10 09:43:21,209 basehttp 157 "GET /list/?cat_id=1 HTTP/1.1" 200 3008
INFO 2021-03-10 09:43:43,267 basehttp 157 "GET /admin/ HTTP/1.1" 200 6990
INFO 2021-03-10 09:43:49,907 basehttp 157 "GET /admin/home/articlemodel/ HTTP/1.1" 200 6090
INFO 2021-03-10 09:43:51,979 basehttp 157 "GET /admin/jsi18n/ HTTP/1.1" 200 7732
INFO 2021-03-10 09:44:00,184 basehttp 157 "GET /admin/home/articlemodel/add/ HTTP/1.1" 200 11818
INFO 2021-03-10 09:44:02,236 basehttp 157 "GET /admin/jsi18n/ HTTP/1.1" 200 7732
INFO 2021-03-10 09:44:24,789 basehttp 157 "POST /admin/home/articlemodel/add/ HTTP/1.1" 302 0
INFO 2021-03-10 09:44:26,877 basehttp 157 "GET /admin/home/articlemodel/add/ HTTP/1.1" 200 12080
INFO 2021-03-10 09:44:28,937 basehttp 157 "GET /admin/jsi18n/ HTTP/1.1" 200 7732
INFO 2021-03-10 09:45:17,296 basehttp 157 "POST /admin/home/articlemodel/add/ HTTP/1.1" 302 0
INFO 2021-03-10 09:45:19,413 basehttp 157 "GET /admin/home/articlemodel/add/ HTTP/1.1" 200 12087
INFO 2021-03-10 09:45:21,456 basehttp 157 "GET /admin/jsi18n/ HTTP/1.1" 200 7732
INFO 2021-03-10 09:45:48,377 basehttp 157 "POST /admin/home/articlemodel/add/ HTTP/1.1" 302 0
INFO 2021-03-10 09:45:50,508 basehttp 157 "GET /admin/home/articlemodel/ HTTP/1.1" 200 7947
INFO 2021-03-10 09:45:52,610 basehttp 157 "GET /admin/jsi18n/ HTTP/1.1" 200 7732
ERROR 2021-03-10 09:46:14,393 log 230 Internal Server Error: /list/
Traceback (most recent call last):
  File "F:\dev\Python\Python36\lib\site-packages\django\core\handlers\exception.py", line 47, in inner
    response = get_response(request)
  File "F:\dev\Python\Python36\lib\site-packages\django\core\handlers\base.py", line 181, in _get_response
    response = wrapped_callback(request, *callback_args, **callback_kwargs)
  File "F:\dev\Python\Python36\lib\site-packages\django\views\generic\base.py", line 70, in view
    return self.dispatch(request, *args, **kwargs)
  File "F:\dev\Python\Python36\lib\site-packages\django\views\generic\base.py", line 98, in dispatch
    return handler(request, *args, **kwargs)
  File "E:\Python_Code\bbs\bbs\home\views.py", line 81, in get
    comments = CommentModel.objects.filter(article=article).order_by('-publish_time')
  File "F:\dev\Python\Python36\lib\site-packages\django\db\models\query.py", line 1134, in order_by
    obj.query.add_ordering(*field_names)
  File "F:\dev\Python\Python36\lib\site-packages\django\db\models\sql\query.py", line 1919, in add_ordering
    self.names_to_path(item.split(LOOKUP_SEP), self.model._meta)
  File "F:\dev\Python\Python36\lib\site-packages\django\db\models\sql\query.py", line 1482, in names_to_path
    "Choices are: %s" % (name, ", ".join(available)))
django.core.exceptions.FieldError: Cannot resolve keyword 'publish_time' into field. Choices are: article, article_id, commentmodel, content, create_time, id, parent, parent_id, user, user_id
ERROR 2021-03-10 09:46:14,395 basehttp 157 "GET /list/?cat_id=3 HTTP/1.1" 500 90764
INFO 2021-03-10 09:47:13,337 autoreload 617 Watching for file changes with StatReloader
INFO 2021-03-10 09:47:22,559 basehttp 157 "GET /list/?cat_id=3 HTTP/1.1" 200 4472
INFO 2021-03-10 09:47:22,672 basehttp 157 "GET /static/image/2374101_small.jpg/ HTTP/1.1" 200 2050
INFO 2021-03-10 09:47:27,917 basehttp 157 "GET /publish/ HTTP/1.1" 200 2028
INFO 2021-03-10 09:47:27,981 basehttp 157 "GET /static/css/show.css HTTP/1.1" 200 2606
INFO 2021-03-10 09:47:28,075 basehttp 157 "GET /static/image/missing.png HTTP/1.1" 200 53248
INFO 2021-03-10 09:48:21,148 autoreload 240 E:\Python_Code\bbs\bbs\home\views.py changed, reloading.
INFO 2021-03-10 09:48:22,157 autoreload 617 Watching for file changes with StatReloader
INFO 2021-03-10 09:48:43,925 basehttp 157 "GET /logout/ HTTP/1.1" 302 0
INFO 2021-03-10 09:48:46,028 basehttp 157 "GET / HTTP/1.1" 200 2926
INFO 2021-03-10 09:48:56,800 basehttp 157 "GET /register/ HTTP/1.1" 200 2286
INFO 2021-03-10 09:49:13,878 basehttp 157 "POST /register/ HTTP/1.1" 302 0
INFO 2021-03-10 09:49:15,924 basehttp 157 "GET / HTTP/1.1" 200 2916
INFO 2021-03-10 09:49:24,097 basehttp 157 "GET /list/?cat_id=3 HTTP/1.1" 200 4472
INFO 2021-03-10 09:49:32,155 basehttp 157 "GET /publish/ HTTP/1.1" 200 2028
INFO 2021-03-10 09:54:38,143 basehttp 157 "GET / HTTP/1.1" 200 2916
INFO 2021-03-10 09:54:47,830 basehttp 157 "GET /list/?cat_id=2 HTTP/1.1" 200 3008
INFO 2021-03-10 09:54:53,393 basehttp 157 "GET /list/?cat_id=4 HTTP/1.1" 200 3738
INFO 2021-03-10 09:55:00,350 basehttp 157 "GET /publish/ HTTP/1.1" 200 2028
INFO 2021-03-10 09:55:07,824 basehttp 157 "GET /publish/?category.id=4 HTTP/1.1" 200 2028
INFO 2021-04-19 08:21:18,732 basehttp 124 "GET / HTTP/1.1" 200 1776
INFO 2021-04-19 08:21:18,845 basehttp 124 "GET /static/css/public.css HTTP/1.1" 200 3745
INFO 2021-04-19 08:21:18,847 basehttp 124 "GET /static/css/index.css HTTP/1.1" 200 2013
INFO 2021-04-19 08:21:18,875 basehttp 124 "GET /static/image/style_icon.png HTTP/1.1" 200 3852
WARNING 2021-04-19 08:21:18,929 base 93 Not Found: /favicon.ico
WARNING 2021-04-19 08:21:18,930 basehttp 124 "GET /favicon.ico HTTP/1.1" 404 3493
INFO 2021-04-19 08:21:28,011 basehttp 124 "GET /admin HTTP/1.1" 301 0
INFO 2021-04-19 08:21:28,136 basehttp 124 "GET /admin/ HTTP/1.1" 302 0
INFO 2021-04-19 08:21:33,560 basehttp 124 "GET /admin/login/?next=/admin/ HTTP/1.1" 200 1857
INFO 2021-04-19 08:21:33,711 basehttp 124 "GET /static/admin/css/login.css HTTP/1.1" 200 1203
INFO 2021-04-19 08:21:33,732 basehttp 124 "GET /static/admin/css/base.css HTTP/1.1" 200 16106
INFO 2021-04-19 08:21:33,747 basehttp 124 "GET /static/admin/css/responsive.css HTTP/1.1" 200 17894
INFO 2021-04-19 08:21:33,769 basehttp 124 "GET /static/admin/css/fonts.css HTTP/1.1" 200 423
INFO 2021-04-19 08:21:33,928 basehttp 124 "GET /static/admin/fonts/Roboto-Light-webfont.woff HTTP/1.1" 200 81348
INFO 2021-04-19 08:21:33,931 basehttp 124 "GET /static/admin/fonts/Roboto-Regular-webfont.woff HTTP/1.1" 200 80304
INFO 2021-04-19 08:21:47,539 basehttp 124 "POST /admin/login/?next=/admin/ HTTP/1.1" 302 0
INFO 2021-04-19 08:21:51,771 basehttp 124 "GET /admin/ HTTP/1.1" 200 5097
INFO 2021-04-19 08:21:51,896 basehttp 124 "GET /static/admin/css/dashboard.css HTTP/1.1" 200 412
INFO 2021-04-19 08:21:51,948 basehttp 124 "GET /static/admin/img/icon-changelink.svg HTTP/1.1" 200 380
INFO 2021-04-19 08:21:51,948 basehttp 124 "GET /static/admin/img/icon-addlink.svg HTTP/1.1" 200 331
INFO 2021-04-19 08:21:52,007 basehttp 124 "GET /static/admin/fonts/Roboto-Bold-webfont.woff HTTP/1.1" 200 82564
INFO 2021-04-19 08:22:08,988 basehttp 124 "GET /admin/home/categorymodel/add/ HTTP/1.1" 200 5465
INFO 2021-04-19 08:22:09,139 basehttp 124 "GET /static/admin/css/forms.css HTTP/1.1" 200 8173
INFO 2021-04-19 08:22:09,146 basehttp 124 "GET /static/admin/js/jquery.init.js HTTP/1.1" 200 363
INFO 2021-04-19 08:22:09,165 basehttp 124 "GET /static/admin/js/core.js HTTP/1.1" 200 7134
INFO 2021-04-19 08:22:09,165 basehttp 124 "GET /static/admin/js/admin/RelatedObjectLookups.js HTTP/1.1" 200 6897
INFO 2021-04-19 08:22:09,189 basehttp 124 "GET /static/admin/js/actions.js HTTP/1.1" 200 6502
INFO 2021-04-19 08:22:09,198 basehttp 124 "GET /static/admin/css/widgets.css HTTP/1.1" 200 10340
INFO 2021-04-19 08:22:09,215 basehttp 124 "GET /static/admin/js/prepopulate.js HTTP/1.1" 200 1538
INFO 2021-04-19 08:22:09,219 basehttp 124 "GET /static/admin/js/vendor/xregexp/xregexp.js HTTP/1.1" 200 128820
INFO 2021-04-19 08:22:09,239 basehttp 124 "GET /static/admin/js/vendor/jquery/jquery.js HTTP/1.1" 200 258648
INFO 2021-04-19 08:22:09,277 basehttp 124 "GET /static/admin/js/urlify.js HTTP/1.1" 200 8729
INFO 2021-04-19 08:22:09,301 basehttp 124 "GET /static/admin/js/change_form.js HTTP/1.1" 200 712
INFO 2021-04-19 08:22:09,322 basehttp 124 "GET /static/admin/js/prepopulate_init.js HTTP/1.1" 200 495
INFO 2021-04-19 08:22:09,338 basehttp 124 "GET /static/admin/img/icon-deletelink.svg HTTP/1.1" 200 392
INFO 2021-04-19 08:22:13,268 basehttp 124 "GET /admin/jsi18n/ HTTP/1.1" 200 7684
INFO 2021-04-19 08:22:38,579 basehttp 124 "POST /admin/home/categorymodel/add/ HTTP/1.1" 302 0
INFO 2021-04-19 08:22:42,702 basehttp 124 "GET /admin/home/categorymodel/add/ HTTP/1.1" 200 5747
INFO 2021-04-19 08:22:46,801 basehttp 124 "GET /admin/jsi18n/ HTTP/1.1" 200 7684
INFO 2021-04-19 08:22:47,031 basehttp 124 "GET /static/admin/img/icon-yes.svg HTTP/1.1" 200 436
INFO 2021-04-19 08:22:59,117 basehttp 124 "POST /admin/home/categorymodel/add/ HTTP/1.1" 302 0
INFO 2021-04-19 08:23:03,263 basehttp 124 "GET /admin/home/categorymodel/add/ HTTP/1.1" 200 5790
INFO 2021-04-19 08:23:07,356 basehttp 124 "GET /admin/jsi18n/ HTTP/1.1" 200 7684
INFO 2021-04-19 08:23:17,300 basehttp 124 "POST /admin/home/categorymodel/add/ HTTP/1.1" 302 0
INFO 2021-04-19 08:23:21,426 basehttp 124 "GET /admin/home/categorymodel/add/ HTTP/1.1" 200 5827
INFO 2021-04-19 08:23:25,495 basehttp 124 "GET /admin/jsi18n/ HTTP/1.1" 200 7684
INFO 2021-04-19 08:23:36,041 basehttp 124 "POST /admin/home/categorymodel/add/ HTTP/1.1" 302 0
INFO 2021-04-19 08:23:40,197 basehttp 124 "GET /admin/home/categorymodel/add/ HTTP/1.1" 200 5867
INFO 2021-04-19 08:23:44,340 basehttp 124 "GET /admin/jsi18n/ HTTP/1.1" 200 7684
INFO 2021-04-19 08:23:53,474 basehttp 124 "GET /admin/home/ HTTP/1.1" 200 3269
INFO 2021-04-19 08:24:01,516 basehttp 124 "GET /admin/home/articlemodel/add/ HTTP/1.1" 200 9087
INFO 2021-04-19 08:24:05,667 basehttp 124 "GET /admin/jsi18n/ HTTP/1.1" 200 7684
INFO 2021-04-19 08:24:14,802 basehttp 124 "GET /admin/ HTTP/1.1" 200 6334
INFO 2021-04-19 08:24:21,904 basehttp 124 "GET /admin/users/user/add/ HTTP/1.1" 200 4559
INFO 2021-04-19 08:24:26,099 basehttp 124 "GET /admin/jsi18n/ HTTP/1.1" 200 7684
INFO 2021-04-19 08:24:47,429 basehttp 124 "POST /admin/users/user/add/ HTTP/1.1" 302 0
INFO 2021-04-19 08:24:51,843 basehttp 124 "GET /admin/users/user/ HTTP/1.1" 200 4979
INFO 2021-04-19 08:24:51,988 basehttp 124 "GET /static/admin/css/changelists.css HTTP/1.1" 200 6170
INFO 2021-04-19 08:24:55,990 basehttp 124 "GET /admin/jsi18n/ HTTP/1.1" 200 7684
INFO 2021-04-19 08:24:56,188 basehttp 124 "GET /static/admin/img/tooltag-add.svg HTTP/1.1" 200 331
INFO 2021-04-19 08:25:14,212 basehttp 124 "GET /admin/ HTTP/1.1" 200 6624
INFO 2021-04-19 08:25:21,009 basehttp 124 "GET /admin/home/articlemodel/add/ HTTP/1.1" 200 9126
INFO 2021-04-19 08:25:25,192 basehttp 124 "GET /admin/jsi18n/ HTTP/1.1" 200 7684
INFO 2021-04-19 08:26:08,129 basehttp 124 "POST /admin/home/articlemodel/add/ HTTP/1.1" 302 0
INFO 2021-04-19 08:26:12,316 basehttp 124 "GET /admin/home/articlemodel/ HTTP/1.1" 200 4646
INFO 2021-04-19 08:26:16,448 basehttp 124 "GET /admin/jsi18n/ HTTP/1.1" 200 7684
INFO 2021-04-19 08:26:23,773 basehttp 124 "GET /admin/ HTTP/1.1" 200 6935
INFO 2021-04-19 08:26:30,671 basehttp 124 "GET /admin/home/commentmodel/add/ HTTP/1.1" 200 8372
INFO 2021-04-19 08:26:34,870 basehttp 124 "GET /admin/jsi18n/ HTTP/1.1" 200 7684
INFO 2021-04-19 08:26:53,098 basehttp 124 "POST /admin/home/commentmodel/add/ HTTP/1.1" 200 8527
INFO 2021-04-19 08:26:57,189 basehttp 124 "GET /admin/jsi18n/ HTTP/1.1" 200 7684
INFO 2021-04-19 08:27:06,351 basehttp 124 "GET /admin/home/commentmodel/add/?_to_field=id&_popup=1 HTTP/1.1" 200 7412
INFO 2021-04-19 08:27:10,552 basehttp 124 "GET /admin/jsi18n/ HTTP/1.1" 200 7684
INFO 2021-04-19 08:27:28,784 basehttp 124 "GET / HTTP/1.1" 200 2926
ERROR 2021-04-19 08:27:28,840 basehttp 124 "GET / HTTP/1.1" 500 59
INFO 2021-04-19 08:27:32,690 basehttp 124 "GET / HTTP/1.1" 200 2926
INFO 2021-04-19 08:27:32,899 basehttp 124 "GET /static/image/new.gif HTTP/1.1" 200 207
INFO 2021-04-19 08:27:38,004 basehttp 124 "GET /login/ HTTP/1.1" 200 1625
INFO 2021-04-19 08:27:38,047 basehttp 124 "GET /static/css/login.css HTTP/1.1" 200 1483
INFO 2021-04-19 08:27:38,071 basehttp 124 "GET /static/image/core_bg.png HTTP/1.1" 200 8357
INFO 2021-04-19 08:27:45,286 basehttp 124 "POST /login/ HTTP/1.1" 200 1625
INFO 2021-04-19 08:27:55,060 basehttp 124 "POST /login/ HTTP/1.1" 200 1625
INFO 2021-04-19 08:28:21,601 basehttp 124 "POST /login/ HTTP/1.1" 200 1625
INFO 2021-04-19 08:28:25,901 basehttp 124 "GET /register/ HTTP/1.1" 200 2288
INFO 2021-04-19 08:28:25,964 basehttp 124 "GET /static/css/register.css HTTP/1.1" 200 1507
INFO 2021-04-19 08:28:25,965 basehttp 124 "GET /static/image/show_code.jpg HTTP/1.1" 200 2133
INFO 2021-04-19 08:28:41,387 basehttp 124 "POST /register/ HTTP/1.1" 200 2288
INFO 2021-04-19 08:28:45,028 basehttp 124 "POST /register/ HTTP/1.1" 200 2288
INFO 2021-04-19 08:29:08,453 basehttp 124 "POST /register/ HTTP/1.1" 302 0
INFO 2021-04-19 08:29:12,571 basehttp 124 "GET / HTTP/1.1" 200 2914
INFO 2021-04-19 08:29:24,071 basehttp 124 "GET /list/?cat_id=2 HTTP/1.1" 200 3738
INFO 2021-04-19 08:29:24,174 basehttp 124 "GET /static/css/jquery.pagination.css HTTP/1.1" 200 543
INFO 2021-04-19 08:29:24,181 basehttp 124 "GET /static/css/list.css HTTP/1.1" 200 2686
INFO 2021-04-19 08:29:24,214 basehttp 124 "GET /static/js/jquery.pagination.min.js HTTP/1.1" 200 2935
INFO 2021-04-19 08:29:24,254 basehttp 124 "GET /static/image/2374101_small.jpg/ HTTP/1.1" 200 2050
INFO 2021-04-19 08:29:24,326 basehttp 124 "GET /static/js/jquery-1.12.4.min.js HTTP/1.1" 200 97163
INFO 2021-04-19 08:29:24,365 basehttp 124 "GET /static/image/main_bg.png HTTP/1.1" 200 533
INFO 2021-04-19 08:29:24,365 basehttp 124 "GET /static/image/bg.png HTTP/1.1" 200 7656
INFO 2021-04-19 08:29:30,702 basehttp 124 "GET /publish/ HTTP/1.1" 200 2028
INFO 2021-04-19 08:29:30,832 basehttp 124 "GET /static/css/show.css HTTP/1.1" 200 2606
INFO 2021-04-19 08:29:30,866 basehttp 124 "GET /static/image/missing.png HTTP/1.1" 200 53248
INFO 2021-04-19 08:29:36,830 basehttp 124 "GET / HTTP/1.1" 200 2914
INFO 2021-04-19 08:29:43,877 basehttp 124 "GET /list/?cat_id=1 HTTP/1.1" 200 3014
INFO 2021-04-19 08:29:51,478 basehttp 124 "GET / HTTP/1.1" 200 2914
INFO 2021-04-19 08:30:00,962 basehttp 124 "GET /list/?cat_id=2 HTTP/1.1" 200 3738
INFO 2021-04-19 08:30:17,558 basehttp 124 "GET /publish/?category.id=2 HTTP/1.1" 200 2028
INFO 2021-04-19 08:30:32,433 basehttp 124 "GET / HTTP/1.1" 200 2914
INFO 2021-04-19 08:30:39,096 basehttp 124 "GET /list/?cat_id=1 HTTP/1.1" 200 3014
INFO 2021-04-19 08:33:30,491 basehttp 124 "GET /list/?cat_id=1 HTTP/1.1" 200 3025
INFO 2021-04-19 08:33:37,384 basehttp 124 "GET / HTTP/1.1" 200 2914
INFO 2021-04-19 08:33:45,089 basehttp 124 "GET /list/?cat_id=2 HTTP/1.1" 200 3749
INFO 2021-04-19 08:35:38,787 basehttp 124 "GET / HTTP/1.1" 200 2914
INFO 2021-04-19 08:35:45,810 basehttp 124 "GET /list/?cat_id=2 HTTP/1.1" 200 3749
INFO 2021-04-19 08:35:48,932 basehttp 124 "GET /login/ HTTP/1.1" 200 1625
INFO 2021-04-19 08:35:50,535 basehttp 124 "GET /register/ HTTP/1.1" 200 2288
INFO 2021-04-19 08:35:52,012 basehttp 124 "GET /login/ HTTP/1.1" 200 1625
INFO 2021-04-24 18:07:41,756 basehttp 124 "GET / HTTP/1.1" 200 2926
INFO 2021-04-24 18:07:41,847 basehttp 124 "GET /static/css/index.css HTTP/1.1" 200 2013
INFO 2021-04-24 18:07:41,849 basehttp 124 "GET /static/css/public.css HTTP/1.1" 200 3745
INFO 2021-04-24 18:07:41,886 basehttp 124 "GET /static/image/new.gif HTTP/1.1" 200 207
INFO 2021-04-24 18:07:41,891 basehttp 124 "GET /static/image/style_icon.png HTTP/1.1" 200 3852
WARNING 2021-04-24 18:07:41,971 base 93 Not Found: /favicon.ico
WARNING 2021-04-24 18:07:41,971 basehttp 124 "GET /favicon.ico HTTP/1.1" 404 3493
INFO 2021-04-24 18:07:44,344 basehttp 124 "GET /login/ HTTP/1.1" 200 1625
INFO 2021-04-24 18:07:44,384 basehttp 124 "GET /static/css/login.css HTTP/1.1" 200 1483
INFO 2021-04-24 18:07:44,405 basehttp 124 "GET /static/image/core_bg.png HTTP/1.1" 200 8357
INFO 2021-04-24 18:07:46,017 basehttp 124 "GET /register/ HTTP/1.1" 200 2288
INFO 2021-04-24 18:07:46,056 basehttp 124 "GET /static/css/register.css HTTP/1.1" 200 1507
INFO 2021-04-24 18:07:46,056 basehttp 124 "GET /static/image/show_code.jpg HTTP/1.1" 200 2133
INFO 2021-04-24 18:07:50,117 basehttp 124 "GET /login/ HTTP/1.1" 200 1625
INFO 2021-04-24 18:07:50,128 basehttp 124 "GET / HTTP/1.1" 200 2926
ERROR 2021-04-24 18:07:50,169 basehttp 124 "GET / HTTP/1.1" 500 59
INFO 2021-04-24 18:07:57,298 basehttp 124 "POST /login/ HTTP/1.1" 302 0
INFO 2021-04-24 18:08:01,422 basehttp 124 "GET / HTTP/1.1" 200 2914
INFO 2021-04-24 18:08:08,487 basehttp 124 "GET /list/?cat_id=2 HTTP/1.1" 200 3749
INFO 2021-04-24 18:08:08,543 basehttp 124 "GET /static/css/list.css HTTP/1.1" 200 2686
INFO 2021-04-24 18:08:08,545 basehttp 124 "GET /static/css/jquery.pagination.css HTTP/1.1" 200 543
INFO 2021-04-24 18:08:08,548 basehttp 124 "GET /static/js/jquery.pagination.min.js HTTP/1.1" 200 2935
INFO 2021-04-24 18:08:08,570 basehttp 124 "GET /static/image/2374101_small.jpg/ HTTP/1.1" 200 2050
INFO 2021-04-24 18:08:08,600 basehttp 124 "GET /static/js/jquery-1.12.4.min.js HTTP/1.1" 200 97163
INFO 2021-04-24 18:08:08,632 basehttp 124 "GET /static/image/main_bg.png HTTP/1.1" 200 533
INFO 2021-04-24 18:08:08,648 basehttp 124 "GET /static/image/bg.png HTTP/1.1" 200 7656
INFO 2021-04-25 18:37:34,400 basehttp 124 "GET / HTTP/1.1" 200 2914
INFO 2021-04-25 18:37:34,470 basehttp 124 "GET /static/css/public.css HTTP/1.1" 200 3745
INFO 2021-04-25 18:37:34,529 basehttp 124 "GET /static/image/style_icon.png HTTP/1.1" 200 3852
WARNING 2021-04-25 18:37:34,629 base 93 Not Found: /favicon.ico
WARNING 2021-04-25 18:37:34,630 basehttp 124 "GET /favicon.ico HTTP/1.1" 404 3493
INFO 2021-04-25 18:37:46,914 basehttp 124 "GET /admin HTTP/1.1" 301 0
INFO 2021-04-25 18:37:51,046 basehttp 124 "GET /admin/ HTTP/1.1" 302 0
INFO 2021-04-25 18:37:55,218 basehttp 124 "GET /admin/login/?next=/admin/ HTTP/1.1" 200 1857
INFO 2021-04-25 18:37:55,277 basehttp 124 "GET /static/admin/css/base.css HTTP/1.1" 200 16106
INFO 2021-04-25 18:37:55,290 basehttp 124 "GET /static/admin/css/login.css HTTP/1.1" 200 1203
INFO 2021-04-25 18:37:55,291 basehttp 124 "GET /static/admin/css/responsive.css HTTP/1.1" 200 17894
INFO 2021-04-25 18:37:55,298 basehttp 124 "GET /static/admin/css/fonts.css HTTP/1.1" 200 423
INFO 2021-04-25 18:37:55,381 basehttp 124 "GET /static/admin/fonts/Roboto-Light-webfont.woff HTTP/1.1" 200 81348
INFO 2021-04-25 18:37:55,382 basehttp 124 "GET /static/admin/fonts/Roboto-Regular-webfont.woff HTTP/1.1" 200 80304
INFO 2021-04-25 18:38:11,594 basehttp 124 "POST /admin/login/?next=/admin/ HTTP/1.1" 302 0
INFO 2021-04-25 18:38:15,791 basehttp 124 "GET /admin/ HTTP/1.1" 200 6935
INFO 2021-04-25 18:38:15,844 basehttp 124 "GET /static/admin/css/dashboard.css HTTP/1.1" 200 412
INFO 2021-04-25 18:38:15,887 basehttp 124 "GET /static/admin/img/icon-addlink.svg HTTP/1.1" 200 331
INFO 2021-04-25 18:38:15,888 basehttp 124 "GET /static/admin/img/icon-changelink.svg HTTP/1.1" 200 380
INFO 2021-04-25 18:38:16,008 basehttp 124 "GET /static/admin/fonts/Roboto-Bold-webfont.woff HTTP/1.1" 200 82564
INFO 2021-04-25 18:40:19,127 basehttp 124 "GET /admin/home/categorymodel/ HTTP/1.1" 200 5137
INFO 2021-04-25 18:40:19,193 basehttp 124 "GET /static/admin/css/changelists.css HTTP/1.1" 200 6170
INFO 2021-04-25 18:40:19,193 basehttp 124 "GET /static/admin/js/jquery.init.js HTTP/1.1" 200 363
INFO 2021-04-25 18:40:19,208 basehttp 124 "GET /static/admin/js/core.js HTTP/1.1" 200 7134
INFO 2021-04-25 18:40:19,228 basehttp 124 "GET /static/admin/js/prepopulate.js HTTP/1.1" 200 1538
INFO 2021-04-25 18:40:19,237 basehttp 124 "GET /static/admin/js/urlify.js HTTP/1.1" 200 8729
INFO 2021-04-25 18:40:19,240 basehttp 124 "GET /static/admin/js/admin/RelatedObjectLookups.js HTTP/1.1" 200 6897
INFO 2021-04-25 18:40:19,280 basehttp 124 "GET /static/admin/js/actions.js HTTP/1.1" 200 6502
INFO 2021-04-25 18:40:19,281 basehttp 124 "GET /static/admin/js/vendor/xregexp/xregexp.js HTTP/1.1" 200 128820
INFO 2021-04-25 18:40:19,295 basehttp 124 "GET /static/admin/js/vendor/jquery/jquery.js HTTP/1.1" 200 258648
INFO 2021-04-25 18:40:23,397 basehttp 124 "GET /admin/jsi18n/ HTTP/1.1" 200 7684
INFO 2021-04-25 18:40:23,450 basehttp 124 "GET /static/admin/img/tooltag-add.svg HTTP/1.1" 200 331
